{"C:\\Users\\handriAsyrafi\\hacktiv8\\phase2\\week3\\IP-HCK83\\server\\app.js": {"path":"C:\\Users\\handriAsyrafi\\hacktiv8\\phase2\\week3\\IP-HCK83\\server\\app.js","statementMap":{"0":{"start":{"line":1,"column":16},"end":{"line":1,"column":34}},"1":{"start":{"line":2,"column":13},"end":{"line":2,"column":28}},"2":{"start":{"line":3,"column":26},"end":{"line":3,"column":68}},"3":{"start":{"line":4,"column":25},"end":{"line":4,"column":66}},"4":{"start":{"line":5,"column":23},"end":{"line":5,"column":62}},"5":{"start":{"line":6,"column":22},"end":{"line":6,"column":60}},"6":{"start":{"line":8,"column":12},"end":{"line":8,"column":21}},"7":{"start":{"line":9,"column":13},"end":{"line":9,"column":17}},"8":{"start":{"line":11,"column":0},"end":{"line":11,"column":16}},"9":{"start":{"line":12,"column":0},"end":{"line":12,"column":49}},"10":{"start":{"line":13,"column":0},"end":{"line":13,"column":24}},"11":{"start":{"line":15,"column":0},"end":{"line":17,"column":3}},"12":{"start":{"line":16,"column":2},"end":{"line":16,"column":63}},"13":{"start":{"line":20,"column":0},"end":{"line":20,"column":41}},"14":{"start":{"line":23,"column":0},"end":{"line":23,"column":49}},"15":{"start":{"line":24,"column":0},"end":{"line":24,"column":46}},"16":{"start":{"line":27,"column":0},"end":{"line":27,"column":47}},"17":{"start":{"line":28,"column":0},"end":{"line":28,"column":76}},"18":{"start":{"line":29,"column":0},"end":{"line":29,"column":57}},"19":{"start":{"line":32,"column":0},"end":{"line":32,"column":70}},"20":{"start":{"line":35,"column":0},"end":{"line":35,"column":83}},"21":{"start":{"line":37,"column":0},"end":{"line":39,"column":3}},"22":{"start":{"line":38,"column":2},"end":{"line":38,"column":62}}},"fnMap":{"0":{"name":"(anonymous_0)","decl":{"start":{"line":15,"column":13},"end":{"line":15,"column":14}},"loc":{"start":{"line":15,"column":33},"end":{"line":17,"column":1}},"line":15},"1":{"name":"(anonymous_1)","decl":{"start":{"line":37,"column":17},"end":{"line":37,"column":18}},"loc":{"start":{"line":37,"column":23},"end":{"line":39,"column":1}},"line":37}},"branchMap":{},"s":{"0":0,"1":0,"2":0,"3":0,"4":0,"5":0,"6":0,"7":0,"8":0,"9":0,"10":0,"11":0,"12":0,"13":0,"14":0,"15":0,"16":0,"17":0,"18":0,"19":0,"20":0,"21":0,"22":0},"f":{"0":0,"1":0},"b":{}}
,"C:\\Users\\handriAsyrafi\\hacktiv8\\phase2\\week3\\IP-HCK83\\server\\controllers\\authController.js": {"path":"C:\\Users\\handriAsyrafi\\hacktiv8\\phase2\\week3\\IP-HCK83\\server\\controllers\\authController.js","statementMap":{"0":{"start":{"line":1,"column":28},"end":{"line":1,"column":56}},"1":{"start":{"line":2,"column":26},"end":{"line":2,"column":51}},"2":{"start":{"line":3,"column":17},"end":{"line":3,"column":43}},"3":{"start":{"line":7,"column":4},"end":{"line":67,"column":5}},"4":{"start":{"line":8,"column":34},"end":{"line":8,"column":42}},"5":{"start":{"line":10,"column":6},"end":{"line":15,"column":7}},"6":{"start":{"line":11,"column":8},"end":{"line":14,"column":10}},"7":{"start":{"line":17,"column":6},"end":{"line":22,"column":7}},"8":{"start":{"line":18,"column":8},"end":{"line":21,"column":10}},"9":{"start":{"line":24,"column":17},"end":{"line":28,"column":8}},"10":{"start":{"line":30,"column":6},"end":{"line":35,"column":7}},"11":{"start":{"line":31,"column":8},"end":{"line":34,"column":10}},"12":{"start":{"line":37,"column":30},"end":{"line":37,"column":70}},"13":{"start":{"line":39,"column":6},"end":{"line":44,"column":7}},"14":{"start":{"line":40,"column":8},"end":{"line":43,"column":10}},"15":{"start":{"line":46,"column":20},"end":{"line":50,"column":7}},"16":{"start":{"line":52,"column":18},"end":{"line":52,"column":40}},"17":{"start":{"line":54,"column":6},"end":{"line":56,"column":9}},"18":{"start":{"line":58,"column":6},"end":{"line":66,"column":7}},"19":{"start":{"line":59,"column":8},"end":{"line":61,"column":11}},"20":{"start":{"line":63,"column":8},"end":{"line":65,"column":11}},"21":{"start":{"line":71,"column":0},"end":{"line":71,"column":32}}},"fnMap":{"0":{"name":"(anonymous_0)","decl":{"start":{"line":6,"column":2},"end":{"line":6,"column":3}},"loc":{"start":{"line":6,"column":37},"end":{"line":68,"column":3}},"line":6}},"branchMap":{"0":{"loc":{"start":{"line":10,"column":6},"end":{"line":15,"column":7}},"type":"if","locations":[{"start":{"line":10,"column":6},"end":{"line":15,"column":7}},{"start":{},"end":{}}],"line":10},"1":{"loc":{"start":{"line":17,"column":6},"end":{"line":22,"column":7}},"type":"if","locations":[{"start":{"line":17,"column":6},"end":{"line":22,"column":7}},{"start":{},"end":{}}],"line":17},"2":{"loc":{"start":{"line":30,"column":6},"end":{"line":35,"column":7}},"type":"if","locations":[{"start":{"line":30,"column":6},"end":{"line":35,"column":7}},{"start":{},"end":{}}],"line":30},"3":{"loc":{"start":{"line":39,"column":6},"end":{"line":44,"column":7}},"type":"if","locations":[{"start":{"line":39,"column":6},"end":{"line":44,"column":7}},{"start":{},"end":{}}],"line":39},"4":{"loc":{"start":{"line":58,"column":6},"end":{"line":66,"column":7}},"type":"if","locations":[{"start":{"line":58,"column":6},"end":{"line":66,"column":7}},{"start":{"line":62,"column":13},"end":{"line":66,"column":7}}],"line":58}},"s":{"0":0,"1":0,"2":0,"3":0,"4":0,"5":0,"6":0,"7":0,"8":0,"9":0,"10":0,"11":0,"12":0,"13":0,"14":0,"15":0,"16":0,"17":0,"18":0,"19":0,"20":0,"21":0},"f":{"0":0},"b":{"0":[0,0],"1":[0,0],"2":[0,0],"3":[0,0],"4":[0,0]}}
,"C:\\Users\\handriAsyrafi\\hacktiv8\\phase2\\week3\\IP-HCK83\\server\\controllers\\monsterController.js": {"path":"C:\\Users\\handriAsyrafi\\hacktiv8\\phase2\\week3\\IP-HCK83\\server\\controllers\\monsterController.js","statementMap":{"0":{"start":{"line":1,"column":20},"end":{"line":1,"column":46}},"1":{"start":{"line":5,"column":4},"end":{"line":11,"column":5}},"2":{"start":{"line":6,"column":20},"end":{"line":6,"column":43}},"3":{"start":{"line":8,"column":6},"end":{"line":8,"column":36}},"4":{"start":{"line":10,"column":6},"end":{"line":10,"column":18}},"5":{"start":{"line":15,"column":0},"end":{"line":15,"column":35}}},"fnMap":{"0":{"name":"(anonymous_0)","decl":{"start":{"line":4,"column":2},"end":{"line":4,"column":3}},"loc":{"start":{"line":4,"column":40},"end":{"line":12,"column":3}},"line":4}},"branchMap":{},"s":{"0":0,"1":0,"2":0,"3":0,"4":0,"5":0},"f":{"0":0},"b":{}}
,"C:\\Users\\handriAsyrafi\\hacktiv8\\phase2\\week3\\IP-HCK83\\server\\controllers\\recController.js": {"path":"C:\\Users\\handriAsyrafi\\hacktiv8\\phase2\\week3\\IP-HCK83\\server\\controllers\\recController.js","statementMap":{"0":{"start":{"line":1,"column":50},"end":{"line":1,"column":70}},"1":{"start":{"line":2,"column":22},"end":{"line":2,"column":50}},"2":{"start":{"line":6,"column":4},"end":{"line":15,"column":5}},"3":{"start":{"line":7,"column":30},"end":{"line":9,"column":8}},"4":{"start":{"line":11,"column":6},"end":{"line":11,"column":44}},"5":{"start":{"line":13,"column":6},"end":{"line":13,"column":25}},"6":{"start":{"line":14,"column":6},"end":{"line":14,"column":73}},"7":{"start":{"line":19,"column":4},"end":{"line":65,"column":5}},"8":{"start":{"line":20,"column":49},"end":{"line":20,"column":57}},"9":{"start":{"line":23,"column":19},"end":{"line":23,"column":46}},"10":{"start":{"line":24,"column":22},"end":{"line":24,"column":55}},"11":{"start":{"line":25,"column":22},"end":{"line":25,"column":44}},"12":{"start":{"line":27,"column":6},"end":{"line":29,"column":7}},"13":{"start":{"line":28,"column":8},"end":{"line":28,"column":76}},"14":{"start":{"line":32,"column":31},"end":{"line":36,"column":7}},"15":{"start":{"line":39,"column":32},"end":{"line":39,"column":80}},"16":{"start":{"line":41,"column":6},"end":{"line":43,"column":7}},"17":{"start":{"line":42,"column":8},"end":{"line":42,"column":79}},"18":{"start":{"line":46,"column":29},"end":{"line":50,"column":8}},"19":{"start":{"line":53,"column":21},"end":{"line":55,"column":8}},"20":{"start":{"line":57,"column":6},"end":{"line":60,"column":9}},"21":{"start":{"line":63,"column":6},"end":{"line":63,"column":27}},"22":{"start":{"line":64,"column":6},"end":{"line":64,"column":75}},"23":{"start":{"line":69,"column":4},"end":{"line":88,"column":5}},"24":{"start":{"line":70,"column":28},"end":{"line":70,"column":38}},"25":{"start":{"line":72,"column":22},"end":{"line":72,"column":55}},"26":{"start":{"line":74,"column":6},"end":{"line":76,"column":7}},"27":{"start":{"line":75,"column":8},"end":{"line":75,"column":68}},"28":{"start":{"line":78,"column":23},"end":{"line":78,"column":75}},"29":{"start":{"line":80,"column":6},"end":{"line":83,"column":9}},"30":{"start":{"line":86,"column":6},"end":{"line":86,"column":27}},"31":{"start":{"line":87,"column":6},"end":{"line":87,"column":67}},"32":{"start":{"line":92,"column":4},"end":{"line":107,"column":5}},"33":{"start":{"line":93,"column":21},"end":{"line":93,"column":31}},"34":{"start":{"line":95,"column":29},"end":{"line":95,"column":62}},"35":{"start":{"line":97,"column":6},"end":{"line":99,"column":7}},"36":{"start":{"line":98,"column":8},"end":{"line":98,"column":75}},"37":{"start":{"line":101,"column":6},"end":{"line":101,"column":37}},"38":{"start":{"line":103,"column":6},"end":{"line":103,"column":79}},"39":{"start":{"line":105,"column":6},"end":{"line":105,"column":25}},"40":{"start":{"line":106,"column":6},"end":{"line":106,"column":73}},"41":{"start":{"line":111,"column":4},"end":{"line":236,"column":5}},"42":{"start":{"line":112,"column":28},"end":{"line":112,"column":38}},"43":{"start":{"line":115,"column":22},"end":{"line":115,"column":55}},"44":{"start":{"line":117,"column":6},"end":{"line":119,"column":7}},"45":{"start":{"line":118,"column":8},"end":{"line":118,"column":68}},"46":{"start":{"line":122,"column":22},"end":{"line":122,"column":44}},"47":{"start":{"line":124,"column":6},"end":{"line":126,"column":7}},"48":{"start":{"line":125,"column":8},"end":{"line":125,"column":71}},"49":{"start":{"line":129,"column":26},"end":{"line":133,"column":7}},"50":{"start":{"line":136,"column":31},"end":{"line":140,"column":7}},"51":{"start":{"line":143,"column":21},"end":{"line":143,"column":25}},"52":{"start":{"line":144,"column":22},"end":{"line":144,"column":48}},"53":{"start":{"line":147,"column":6},"end":{"line":160,"column":7}},"54":{"start":{"line":148,"column":8},"end":{"line":157,"column":9}},"55":{"start":{"line":149,"column":28},"end":{"line":149,"column":75}},"56":{"start":{"line":150,"column":10},"end":{"line":154,"column":11}},"57":{"start":{"line":151,"column":27},"end":{"line":151,"column":51}},"58":{"start":{"line":152,"column":12},"end":{"line":152,"column":39}},"59":{"start":{"line":153,"column":12},"end":{"line":153,"column":41}},"60":{"start":{"line":155,"column":15},"end":{"line":157,"column":9}},"61":{"start":{"line":156,"column":10},"end":{"line":156,"column":47}},"62":{"start":{"line":159,"column":8},"end":{"line":159,"column":64}},"63":{"start":{"line":163,"column":30},"end":{"line":163,"column":34}},"64":{"start":{"line":164,"column":6},"end":{"line":166,"column":7}},"65":{"start":{"line":165,"column":8},"end":{"line":165,"column":60}},"66":{"start":{"line":169,"column":6},"end":{"line":184,"column":7}},"67":{"start":{"line":170,"column":8},"end":{"line":170,"column":79}},"68":{"start":{"line":173,"column":33},"end":{"line":178,"column":70}},"69":{"start":{"line":174,"column":26},"end":{"line":177,"column":11}},"70":{"start":{"line":178,"column":26},"end":{"line":178,"column":69}},"71":{"start":{"line":180,"column":8},"end":{"line":180,"column":109}},"72":{"start":{"line":183,"column":8},"end":{"line":183,"column":254}},"73":{"start":{"line":186,"column":6},"end":{"line":195,"column":7}},"74":{"start":{"line":187,"column":8},"end":{"line":194,"column":11}},"75":{"start":{"line":198,"column":33},"end":{"line":198,"column":83}},"76":{"start":{"line":201,"column":33},"end":{"line":201,"column":100}},"77":{"start":{"line":204,"column":6},"end":{"line":228,"column":9}},"78":{"start":{"line":231,"column":6},"end":{"line":231,"column":69}},"79":{"start":{"line":232,"column":6},"end":{"line":235,"column":9}},"80":{"start":{"line":242,"column":14},"end":{"line":242,"column":16}},"81":{"start":{"line":245,"column":2},"end":{"line":249,"column":3}},"82":{"start":{"line":246,"column":4},"end":{"line":248,"column":5}},"83":{"start":{"line":247,"column":6},"end":{"line":247,"column":18}},"84":{"start":{"line":252,"column":2},"end":{"line":252,"column":38}},"85":{"start":{"line":253,"column":2},"end":{"line":253,"column":29}},"86":{"start":{"line":255,"column":2},"end":{"line":255,"column":42}},"87":{"start":{"line":260,"column":2},"end":{"line":260,"column":56}},"88":{"start":{"line":260,"column":46},"end":{"line":260,"column":56}},"89":{"start":{"line":262,"column":2},"end":{"line":264,"column":4}},"90":{"start":{"line":263,"column":4},"end":{"line":263,"column":59}},"91":{"start":{"line":270,"column":23},"end":{"line":277,"column":16}},"92":{"start":{"line":271,"column":22},"end":{"line":271,"column":51}},"93":{"start":{"line":272,"column":20},"end":{"line":275,"column":5}},"94":{"start":{"line":276,"column":20},"end":{"line":276,"column":63}},"95":{"start":{"line":279,"column":2},"end":{"line":279,"column":22}},"96":{"start":{"line":282,"column":0},"end":{"line":282,"column":31}}},"fnMap":{"0":{"name":"(anonymous_0)","decl":{"start":{"line":5,"column":2},"end":{"line":5,"column":3}},"loc":{"start":{"line":5,"column":35},"end":{"line":16,"column":3}},"line":5},"1":{"name":"(anonymous_1)","decl":{"start":{"line":18,"column":2},"end":{"line":18,"column":3}},"loc":{"start":{"line":18,"column":54},"end":{"line":66,"column":3}},"line":18},"2":{"name":"(anonymous_2)","decl":{"start":{"line":68,"column":2},"end":{"line":68,"column":3}},"loc":{"start":{"line":68,"column":46},"end":{"line":89,"column":3}},"line":68},"3":{"name":"(anonymous_3)","decl":{"start":{"line":91,"column":2},"end":{"line":91,"column":3}},"loc":{"start":{"line":91,"column":38},"end":{"line":108,"column":3}},"line":91},"4":{"name":"(anonymous_4)","decl":{"start":{"line":110,"column":2},"end":{"line":110,"column":3}},"loc":{"start":{"line":110,"column":55},"end":{"line":237,"column":3}},"line":110},"5":{"name":"(anonymous_5)","decl":{"start":{"line":174,"column":15},"end":{"line":174,"column":16}},"loc":{"start":{"line":174,"column":26},"end":{"line":177,"column":11}},"line":174},"6":{"name":"(anonymous_6)","decl":{"start":{"line":178,"column":16},"end":{"line":178,"column":17}},"loc":{"start":{"line":178,"column":26},"end":{"line":178,"column":69}},"line":178},"7":{"name":"calculateEffectiveness","decl":{"start":{"line":241,"column":9},"end":{"line":241,"column":31}},"loc":{"start":{"line":241,"column":49},"end":{"line":256,"column":1}},"line":241},"8":{"name":"getMatchedWeaknesses","decl":{"start":{"line":259,"column":9},"end":{"line":259,"column":29}},"loc":{"start":{"line":259,"column":47},"end":{"line":265,"column":1}},"line":259},"9":{"name":"(anonymous_9)","decl":{"start":{"line":262,"column":35},"end":{"line":262,"column":36}},"loc":{"start":{"line":263,"column":4},"end":{"line":263,"column":59}},"line":263},"10":{"name":"getAlternativeWeapons","decl":{"start":{"line":268,"column":15},"end":{"line":268,"column":36}},"loc":{"start":{"line":268,"column":75},"end":{"line":280,"column":1}},"line":268},"11":{"name":"(anonymous_11)","decl":{"start":{"line":271,"column":12},"end":{"line":271,"column":13}},"loc":{"start":{"line":271,"column":22},"end":{"line":271,"column":51}},"line":271},"12":{"name":"(anonymous_12)","decl":{"start":{"line":272,"column":9},"end":{"line":272,"column":10}},"loc":{"start":{"line":272,"column":20},"end":{"line":275,"column":5}},"line":272},"13":{"name":"(anonymous_13)","decl":{"start":{"line":276,"column":10},"end":{"line":276,"column":11}},"loc":{"start":{"line":276,"column":20},"end":{"line":276,"column":63}},"line":276}},"branchMap":{"0":{"loc":{"start":{"line":27,"column":6},"end":{"line":29,"column":7}},"type":"if","locations":[{"start":{"line":27,"column":6},"end":{"line":29,"column":7}},{"start":{},"end":{}}],"line":27},"1":{"loc":{"start":{"line":27,"column":10},"end":{"line":27,"column":27}},"type":"binary-expr","locations":[{"start":{"line":27,"column":10},"end":{"line":27,"column":15}},{"start":{"line":27,"column":19},"end":{"line":27,"column":27}}],"line":27},"2":{"loc":{"start":{"line":41,"column":6},"end":{"line":43,"column":7}},"type":"if","locations":[{"start":{"line":41,"column":6},"end":{"line":43,"column":7}},{"start":{},"end":{}}],"line":41},"3":{"loc":{"start":{"line":74,"column":6},"end":{"line":76,"column":7}},"type":"if","locations":[{"start":{"line":74,"column":6},"end":{"line":76,"column":7}},{"start":{},"end":{}}],"line":74},"4":{"loc":{"start":{"line":97,"column":6},"end":{"line":99,"column":7}},"type":"if","locations":[{"start":{"line":97,"column":6},"end":{"line":99,"column":7}},{"start":{},"end":{}}],"line":97},"5":{"loc":{"start":{"line":117,"column":6},"end":{"line":119,"column":7}},"type":"if","locations":[{"start":{"line":117,"column":6},"end":{"line":119,"column":7}},{"start":{},"end":{}}],"line":117},"6":{"loc":{"start":{"line":124,"column":6},"end":{"line":126,"column":7}},"type":"if","locations":[{"start":{"line":124,"column":6},"end":{"line":126,"column":7}},{"start":{},"end":{}}],"line":124},"7":{"loc":{"start":{"line":148,"column":8},"end":{"line":157,"column":9}},"type":"if","locations":[{"start":{"line":148,"column":8},"end":{"line":157,"column":9}},{"start":{"line":155,"column":15},"end":{"line":157,"column":9}}],"line":148},"8":{"loc":{"start":{"line":150,"column":10},"end":{"line":154,"column":11}},"type":"if","locations":[{"start":{"line":150,"column":10},"end":{"line":154,"column":11}},{"start":{},"end":{}}],"line":150},"9":{"loc":{"start":{"line":155,"column":15},"end":{"line":157,"column":9}},"type":"if","locations":[{"start":{"line":155,"column":15},"end":{"line":157,"column":9}},{"start":{},"end":{}}],"line":155},"10":{"loc":{"start":{"line":164,"column":6},"end":{"line":166,"column":7}},"type":"if","locations":[{"start":{"line":164,"column":6},"end":{"line":166,"column":7}},{"start":{},"end":{}}],"line":164},"11":{"loc":{"start":{"line":169,"column":6},"end":{"line":184,"column":7}},"type":"if","locations":[{"start":{"line":169,"column":6},"end":{"line":184,"column":7}},{"start":{},"end":{}}],"line":169},"12":{"loc":{"start":{"line":180,"column":28},"end":{"line":180,"column":108}},"type":"cond-expr","locations":[{"start":{"line":180,"column":50},"end":{"line":180,"column":95}},{"start":{"line":180,"column":98},"end":{"line":180,"column":108}}],"line":180},"13":{"loc":{"start":{"line":186,"column":6},"end":{"line":195,"column":7}},"type":"if","locations":[{"start":{"line":186,"column":6},"end":{"line":195,"column":7}},{"start":{},"end":{}}],"line":186},"14":{"loc":{"start":{"line":245,"column":2},"end":{"line":249,"column":3}},"type":"if","locations":[{"start":{"line":245,"column":2},"end":{"line":249,"column":3}},{"start":{},"end":{}}],"line":245},"15":{"loc":{"start":{"line":245,"column":6},"end":{"line":245,"column":42}},"type":"binary-expr","locations":[{"start":{"line":245,"column":6},"end":{"line":245,"column":24}},{"start":{"line":245,"column":28},"end":{"line":245,"column":42}}],"line":245},"16":{"loc":{"start":{"line":246,"column":4},"end":{"line":248,"column":5}},"type":"if","locations":[{"start":{"line":246,"column":4},"end":{"line":248,"column":5}},{"start":{},"end":{}}],"line":246},"17":{"loc":{"start":{"line":260,"column":2},"end":{"line":260,"column":56}},"type":"if","locations":[{"start":{"line":260,"column":2},"end":{"line":260,"column":56}},{"start":{},"end":{}}],"line":260},"18":{"loc":{"start":{"line":260,"column":6},"end":{"line":260,"column":44}},"type":"binary-expr","locations":[{"start":{"line":260,"column":6},"end":{"line":260,"column":25}},{"start":{"line":260,"column":29},"end":{"line":260,"column":44}}],"line":260}},"s":{"0":0,"1":0,"2":0,"3":0,"4":0,"5":0,"6":0,"7":0,"8":0,"9":0,"10":0,"11":0,"12":0,"13":0,"14":0,"15":0,"16":0,"17":0,"18":0,"19":0,"20":0,"21":0,"22":0,"23":0,"24":0,"25":0,"26":0,"27":0,"28":0,"29":0,"30":0,"31":0,"32":0,"33":0,"34":0,"35":0,"36":0,"37":0,"38":0,"39":0,"40":0,"41":0,"42":0,"43":0,"44":0,"45":0,"46":0,"47":0,"48":0,"49":0,"50":0,"51":0,"52":0,"53":0,"54":0,"55":0,"56":0,"57":0,"58":0,"59":0,"60":0,"61":0,"62":0,"63":0,"64":0,"65":0,"66":0,"67":0,"68":0,"69":0,"70":0,"71":0,"72":0,"73":0,"74":0,"75":0,"76":0,"77":0,"78":0,"79":0,"80":0,"81":0,"82":0,"83":0,"84":0,"85":0,"86":0,"87":0,"88":0,"89":0,"90":0,"91":0,"92":0,"93":0,"94":0,"95":0,"96":0},"f":{"0":0,"1":0,"2":0,"3":0,"4":0,"5":0,"6":0,"7":0,"8":0,"9":0,"10":0,"11":0,"12":0,"13":0},"b":{"0":[0,0],"1":[0,0],"2":[0,0],"3":[0,0],"4":[0,0],"5":[0,0],"6":[0,0],"7":[0,0],"8":[0,0],"9":[0,0],"10":[0,0],"11":[0,0],"12":[0,0],"13":[0,0],"14":[0,0],"15":[0,0],"16":[0,0],"17":[0,0],"18":[0,0]}}
,"C:\\Users\\handriAsyrafi\\hacktiv8\\phase2\\week3\\IP-HCK83\\server\\controllers\\weaponController.js": {"path":"C:\\Users\\handriAsyrafi\\hacktiv8\\phase2\\week3\\IP-HCK83\\server\\controllers\\weaponController.js","statementMap":{"0":{"start":{"line":1,"column":19},"end":{"line":1,"column":45}},"1":{"start":{"line":5,"column":4},"end":{"line":11,"column":5}},"2":{"start":{"line":6,"column":19},"end":{"line":6,"column":41}},"3":{"start":{"line":8,"column":6},"end":{"line":8,"column":35}},"4":{"start":{"line":10,"column":6},"end":{"line":10,"column":18}},"5":{"start":{"line":15,"column":0},"end":{"line":15,"column":34}}},"fnMap":{"0":{"name":"(anonymous_0)","decl":{"start":{"line":4,"column":2},"end":{"line":4,"column":3}},"loc":{"start":{"line":4,"column":39},"end":{"line":12,"column":3}},"line":4}},"branchMap":{},"s":{"0":0,"1":0,"2":0,"3":0,"4":0,"5":0},"f":{"0":0},"b":{}}
,"C:\\Users\\handriAsyrafi\\hacktiv8\\phase2\\week3\\IP-HCK83\\server\\helpers\\bcrypt.js": {"path":"C:\\Users\\handriAsyrafi\\hacktiv8\\phase2\\week3\\IP-HCK83\\server\\helpers\\bcrypt.js","statementMap":{"0":{"start":{"line":1,"column":15},"end":{"line":1,"column":34}},"1":{"start":{"line":4,"column":15},"end":{"line":4,"column":37}},"2":{"start":{"line":5,"column":15},"end":{"line":5,"column":51}},"3":{"start":{"line":7,"column":2},"end":{"line":7,"column":14}},"4":{"start":{"line":11,"column":2},"end":{"line":11,"column":57}},"5":{"start":{"line":14,"column":0},"end":{"line":14,"column":55}}},"fnMap":{"0":{"name":"generatePassword","decl":{"start":{"line":3,"column":9},"end":{"line":3,"column":25}},"loc":{"start":{"line":3,"column":41},"end":{"line":8,"column":1}},"line":3},"1":{"name":"comparePassword","decl":{"start":{"line":10,"column":9},"end":{"line":10,"column":24}},"loc":{"start":{"line":10,"column":54},"end":{"line":12,"column":1}},"line":10}},"branchMap":{},"s":{"0":2,"1":0,"2":0,"3":0,"4":2,"5":2},"f":{"0":0,"1":2},"b":{},"_coverageSchema":"1a1c01bbd47fc00a2c39e90264f33305004495a9","hash":"f5a9b78e445df42b36e622f0369aec454c130d1f"}
,"C:\\Users\\handriAsyrafi\\hacktiv8\\phase2\\week3\\IP-HCK83\\server\\helpers\\jwt.js": {"path":"C:\\Users\\handriAsyrafi\\hacktiv8\\phase2\\week3\\IP-HCK83\\server\\helpers\\jwt.js","statementMap":{"0":{"start":{"line":1,"column":12},"end":{"line":1,"column":35}},"1":{"start":{"line":2,"column":0},"end":{"line":2,"column":27}},"2":{"start":{"line":4,"column":0},"end":{"line":12,"column":1}},"3":{"start":{"line":6,"column":16},"end":{"line":6,"column":57}},"4":{"start":{"line":7,"column":4},"end":{"line":7,"column":16}},"5":{"start":{"line":10,"column":4},"end":{"line":10,"column":53}}},"fnMap":{"0":{"name":"(anonymous_0)","decl":{"start":{"line":5,"column":17},"end":{"line":5,"column":18}},"loc":{"start":{"line":5,"column":30},"end":{"line":8,"column":3}},"line":5},"1":{"name":"(anonymous_1)","decl":{"start":{"line":9,"column":15},"end":{"line":9,"column":16}},"loc":{"start":{"line":9,"column":26},"end":{"line":11,"column":3}},"line":9}},"branchMap":{},"s":{"0":1,"1":1,"2":1,"3":2,"4":2,"5":2},"f":{"0":2,"1":2},"b":{},"_coverageSchema":"1a1c01bbd47fc00a2c39e90264f33305004495a9","hash":"584d7f153b09ffe06cc0b26638dfbd5a18530163"}
,"C:\\Users\\handriAsyrafi\\hacktiv8\\phase2\\week3\\IP-HCK83\\server\\lib\\gemini.api.js": {"path":"C:\\Users\\handriAsyrafi\\hacktiv8\\phase2\\week3\\IP-HCK83\\server\\lib\\gemini.api.js","statementMap":{"0":{"start":{"line":1,"column":31},"end":{"line":1,"column":63}},"1":{"start":{"line":2,"column":0},"end":{"line":2,"column":27}},"2":{"start":{"line":4,"column":14},"end":{"line":4,"column":64}},"3":{"start":{"line":8,"column":4},"end":{"line":47,"column":5}},"4":{"start":{"line":9,"column":20},"end":{"line":9,"column":75}},"5":{"start":{"line":12,"column":25},"end":{"line":12,"column":128}},"6":{"start":{"line":12,"column":42},"end":{"line":12,"column":116}},"7":{"start":{"line":14,"column":21},"end":{"line":30,"column":7}},"8":{"start":{"line":32,"column":21},"end":{"line":32,"column":56}},"9":{"start":{"line":33,"column":23},"end":{"line":33,"column":44}},"10":{"start":{"line":34,"column":19},"end":{"line":34,"column":34}},"11":{"start":{"line":36,"column":6},"end":{"line":43,"column":7}},"12":{"start":{"line":37,"column":8},"end":{"line":37,"column":32}},"13":{"start":{"line":39,"column":8},"end":{"line":42,"column":10}},"14":{"start":{"line":45,"column":6},"end":{"line":45,"column":70}},"15":{"start":{"line":46,"column":6},"end":{"line":46,"column":59}},"16":{"start":{"line":51,"column":4},"end":{"line":87,"column":5}},"17":{"start":{"line":52,"column":20},"end":{"line":52,"column":75}},"18":{"start":{"line":54,"column":21},"end":{"line":67,"column":7}},"19":{"start":{"line":69,"column":21},"end":{"line":69,"column":56}},"20":{"start":{"line":70,"column":23},"end":{"line":70,"column":44}},"21":{"start":{"line":71,"column":19},"end":{"line":71,"column":34}},"22":{"start":{"line":73,"column":6},"end":{"line":83,"column":7}},"23":{"start":{"line":74,"column":8},"end":{"line":74,"column":32}},"24":{"start":{"line":76,"column":8},"end":{"line":82,"column":10}},"25":{"start":{"line":85,"column":6},"end":{"line":85,"column":65}},"26":{"start":{"line":86,"column":6},"end":{"line":86,"column":61}},"27":{"start":{"line":91,"column":0},"end":{"line":91,"column":31}}},"fnMap":{"0":{"name":"(anonymous_0)","decl":{"start":{"line":7,"column":2},"end":{"line":7,"column":3}},"loc":{"start":{"line":7,"column":80},"end":{"line":48,"column":3}},"line":7},"1":{"name":"(anonymous_1)","decl":{"start":{"line":12,"column":37},"end":{"line":12,"column":38}},"loc":{"start":{"line":12,"column":42},"end":{"line":12,"column":116}},"line":12},"2":{"name":"(anonymous_2)","decl":{"start":{"line":50,"column":2},"end":{"line":50,"column":3}},"loc":{"start":{"line":50,"column":48},"end":{"line":88,"column":3}},"line":50}},"branchMap":{"0":{"loc":{"start":{"line":78,"column":22},"end":{"line":78,"column":46}},"type":"binary-expr","locations":[{"start":{"line":78,"column":22},"end":{"line":78,"column":40}},{"start":{"line":78,"column":44},"end":{"line":78,"column":46}}],"line":78}},"s":{"0":0,"1":0,"2":0,"3":0,"4":0,"5":0,"6":0,"7":0,"8":0,"9":0,"10":0,"11":0,"12":0,"13":0,"14":0,"15":0,"16":0,"17":0,"18":0,"19":0,"20":0,"21":0,"22":0,"23":0,"24":0,"25":0,"26":0,"27":0},"f":{"0":0,"1":0,"2":0},"b":{"0":[0,0]}}
,"C:\\Users\\handriAsyrafi\\hacktiv8\\phase2\\week3\\IP-HCK83\\server\\middleware\\auth.js": {"path":"C:\\Users\\handriAsyrafi\\hacktiv8\\phase2\\week3\\IP-HCK83\\server\\middleware\\auth.js","statementMap":{"0":{"start":{"line":1,"column":12},"end":{"line":1,"column":35}},"1":{"start":{"line":2,"column":17},"end":{"line":2,"column":37}},"2":{"start":{"line":4,"column":21},"end":{"line":24,"column":1}},"3":{"start":{"line":5,"column":2},"end":{"line":23,"column":3}},"4":{"start":{"line":6,"column":18},"end":{"line":6,"column":58}},"5":{"start":{"line":8,"column":4},"end":{"line":10,"column":5}},"6":{"start":{"line":9,"column":6},"end":{"line":9,"column":70}},"7":{"start":{"line":12,"column":20},"end":{"line":12,"column":61}},"8":{"start":{"line":13,"column":17},"end":{"line":13,"column":48}},"9":{"start":{"line":15,"column":4},"end":{"line":17,"column":5}},"10":{"start":{"line":16,"column":6},"end":{"line":16,"column":62}},"11":{"start":{"line":19,"column":4},"end":{"line":19,"column":20}},"12":{"start":{"line":20,"column":4},"end":{"line":20,"column":11}},"13":{"start":{"line":22,"column":4},"end":{"line":22,"column":53}},"14":{"start":{"line":26,"column":0},"end":{"line":26,"column":34}}},"fnMap":{"0":{"name":"(anonymous_0)","decl":{"start":{"line":4,"column":21},"end":{"line":4,"column":22}},"loc":{"start":{"line":4,"column":47},"end":{"line":24,"column":1}},"line":4}},"branchMap":{"0":{"loc":{"start":{"line":8,"column":4},"end":{"line":10,"column":5}},"type":"if","locations":[{"start":{"line":8,"column":4},"end":{"line":10,"column":5}},{"start":{},"end":{}}],"line":8},"1":{"loc":{"start":{"line":15,"column":4},"end":{"line":17,"column":5}},"type":"if","locations":[{"start":{"line":15,"column":4},"end":{"line":17,"column":5}},{"start":{},"end":{}}],"line":15}},"s":{"0":0,"1":0,"2":0,"3":0,"4":0,"5":0,"6":0,"7":0,"8":0,"9":0,"10":0,"11":0,"12":0,"13":0,"14":0},"f":{"0":0},"b":{"0":[0,0],"1":[0,0]}}
,"C:\\Users\\handriAsyrafi\\hacktiv8\\phase2\\week3\\IP-HCK83\\server\\models\\index.js": {"path":"C:\\Users\\handriAsyrafi\\hacktiv8\\phase2\\week3\\IP-HCK83\\server\\models\\index.js","statementMap":{"0":{"start":{"line":3,"column":11},"end":{"line":3,"column":24}},"1":{"start":{"line":4,"column":13},"end":{"line":4,"column":28}},"2":{"start":{"line":5,"column":18},"end":{"line":5,"column":38}},"3":{"start":{"line":6,"column":16},"end":{"line":6,"column":34}},"4":{"start":{"line":7,"column":17},"end":{"line":7,"column":42}},"5":{"start":{"line":8,"column":12},"end":{"line":8,"column":49}},"6":{"start":{"line":9,"column":15},"end":{"line":9,"column":65}},"7":{"start":{"line":10,"column":11},"end":{"line":10,"column":13}},"8":{"start":{"line":13,"column":0},"end":{"line":17,"column":1}},"9":{"start":{"line":14,"column":2},"end":{"line":14,"column":74}},"10":{"start":{"line":16,"column":2},"end":{"line":16,"column":87}},"11":{"start":{"line":19,"column":0},"end":{"line":32,"column":5}},"12":{"start":{"line":22,"column":4},"end":{"line":27,"column":6}},"13":{"start":{"line":30,"column":18},"end":{"line":30,"column":85}},"14":{"start":{"line":31,"column":4},"end":{"line":31,"column":27}},"15":{"start":{"line":34,"column":0},"end":{"line":38,"column":3}},"16":{"start":{"line":35,"column":2},"end":{"line":37,"column":3}},"17":{"start":{"line":36,"column":4},"end":{"line":36,"column":32}},"18":{"start":{"line":40,"column":0},"end":{"line":40,"column":25}},"19":{"start":{"line":41,"column":0},"end":{"line":41,"column":25}},"20":{"start":{"line":43,"column":0},"end":{"line":43,"column":20}}},"fnMap":{"0":{"name":"(anonymous_0)","decl":{"start":{"line":21,"column":10},"end":{"line":21,"column":11}},"loc":{"start":{"line":21,"column":18},"end":{"line":28,"column":3}},"line":21},"1":{"name":"(anonymous_1)","decl":{"start":{"line":29,"column":11},"end":{"line":29,"column":12}},"loc":{"start":{"line":29,"column":19},"end":{"line":32,"column":3}},"line":29},"2":{"name":"(anonymous_2)","decl":{"start":{"line":34,"column":24},"end":{"line":34,"column":25}},"loc":{"start":{"line":34,"column":37},"end":{"line":38,"column":1}},"line":34}},"branchMap":{"0":{"loc":{"start":{"line":8,"column":12},"end":{"line":8,"column":49}},"type":"binary-expr","locations":[{"start":{"line":8,"column":12},"end":{"line":8,"column":32}},{"start":{"line":8,"column":36},"end":{"line":8,"column":49}}],"line":8},"1":{"loc":{"start":{"line":13,"column":0},"end":{"line":17,"column":1}},"type":"if","locations":[{"start":{"line":13,"column":0},"end":{"line":17,"column":1}},{"start":{"line":15,"column":7},"end":{"line":17,"column":1}}],"line":13},"2":{"loc":{"start":{"line":23,"column":6},"end":{"line":26,"column":37}},"type":"binary-expr","locations":[{"start":{"line":23,"column":6},"end":{"line":23,"column":29}},{"start":{"line":24,"column":6},"end":{"line":24,"column":23}},{"start":{"line":25,"column":6},"end":{"line":25,"column":30}},{"start":{"line":26,"column":6},"end":{"line":26,"column":37}}],"line":23},"3":{"loc":{"start":{"line":35,"column":2},"end":{"line":37,"column":3}},"type":"if","locations":[{"start":{"line":35,"column":2},"end":{"line":37,"column":3}},{"start":{},"end":{}}],"line":35}},"s":{"0":0,"1":0,"2":0,"3":0,"4":0,"5":0,"6":0,"7":0,"8":0,"9":0,"10":0,"11":0,"12":0,"13":0,"14":0,"15":0,"16":0,"17":0,"18":0,"19":0,"20":0},"f":{"0":0,"1":0,"2":0},"b":{"0":[0,0],"1":[0,0],"2":[0,0,0,0],"3":[0,0]}}
,"C:\\Users\\handriAsyrafi\\hacktiv8\\phase2\\week3\\IP-HCK83\\server\\models\\monster.js": {"path":"C:\\Users\\handriAsyrafi\\hacktiv8\\phase2\\week3\\IP-HCK83\\server\\models\\monster.js","statementMap":{"0":{"start":{"line":2,"column":18},"end":{"line":2,"column":38}},"1":{"start":{"line":3,"column":0},"end":{"line":29,"column":2}},"2":{"start":{"line":12,"column":2},"end":{"line":27,"column":4}},"3":{"start":{"line":28,"column":2},"end":{"line":28,"column":17}}},"fnMap":{"0":{"name":"(anonymous_0)","decl":{"start":{"line":3,"column":17},"end":{"line":3,"column":18}},"loc":{"start":{"line":3,"column":43},"end":{"line":29,"column":1}},"line":3},"1":{"name":"(anonymous_1)","decl":{"start":{"line":10,"column":4},"end":{"line":10,"column":5}},"loc":{"start":{"line":10,"column":29},"end":{"line":10,"column":31}},"line":10}},"branchMap":{},"s":{"0":0,"1":0,"2":0,"3":0},"f":{"0":0,"1":0},"b":{}}
,"C:\\Users\\handriAsyrafi\\hacktiv8\\phase2\\week3\\IP-HCK83\\server\\models\\recommendation.js": {"path":"C:\\Users\\handriAsyrafi\\hacktiv8\\phase2\\week3\\IP-HCK83\\server\\models\\recommendation.js","statementMap":{"0":{"start":{"line":2,"column":18},"end":{"line":2,"column":38}},"1":{"start":{"line":3,"column":0},"end":{"line":31,"column":2}},"2":{"start":{"line":11,"column":6},"end":{"line":16,"column":11}},"3":{"start":{"line":19,"column":2},"end":{"line":29,"column":4}},"4":{"start":{"line":30,"column":2},"end":{"line":30,"column":24}}},"fnMap":{"0":{"name":"(anonymous_0)","decl":{"start":{"line":3,"column":17},"end":{"line":3,"column":18}},"loc":{"start":{"line":3,"column":43},"end":{"line":31,"column":1}},"line":3},"1":{"name":"(anonymous_1)","decl":{"start":{"line":10,"column":4},"end":{"line":10,"column":5}},"loc":{"start":{"line":10,"column":29},"end":{"line":17,"column":5}},"line":10}},"branchMap":{},"s":{"0":0,"1":0,"2":0,"3":0,"4":0},"f":{"0":0,"1":0},"b":{}}
,"C:\\Users\\handriAsyrafi\\hacktiv8\\phase2\\week3\\IP-HCK83\\server\\models\\user.js": {"path":"C:\\Users\\handriAsyrafi\\hacktiv8\\phase2\\week3\\IP-HCK83\\server\\models\\user.js","statementMap":{"0":{"start":{"line":3,"column":29},"end":{"line":3,"column":57}},"1":{"start":{"line":5,"column":18},"end":{"line":5,"column":38}},"2":{"start":{"line":6,"column":0},"end":{"line":79,"column":2}},"3":{"start":{"line":14,"column":6},"end":{"line":16,"column":9}},"4":{"start":{"line":19,"column":2},"end":{"line":77,"column":4}},"5":{"start":{"line":73,"column":10},"end":{"line":73,"column":58}},"6":{"start":{"line":78,"column":2},"end":{"line":78,"column":14}}},"fnMap":{"0":{"name":"(anonymous_0)","decl":{"start":{"line":6,"column":17},"end":{"line":6,"column":18}},"loc":{"start":{"line":6,"column":43},"end":{"line":79,"column":1}},"line":6},"1":{"name":"(anonymous_1)","decl":{"start":{"line":13,"column":4},"end":{"line":13,"column":5}},"loc":{"start":{"line":13,"column":29},"end":{"line":17,"column":5}},"line":13},"2":{"name":"(anonymous_2)","decl":{"start":{"line":72,"column":22},"end":{"line":72,"column":23}},"loc":{"start":{"line":72,"column":41},"end":{"line":74,"column":9}},"line":72}},"branchMap":{},"s":{"0":0,"1":0,"2":0,"3":0,"4":0,"5":0,"6":0},"f":{"0":0,"1":0,"2":0},"b":{}}
,"C:\\Users\\handriAsyrafi\\hacktiv8\\phase2\\week3\\IP-HCK83\\server\\models\\weapon.js": {"path":"C:\\Users\\handriAsyrafi\\hacktiv8\\phase2\\week3\\IP-HCK83\\server\\models\\weapon.js","statementMap":{"0":{"start":{"line":2,"column":18},"end":{"line":2,"column":38}},"1":{"start":{"line":3,"column":0},"end":{"line":29,"column":2}},"2":{"start":{"line":14,"column":2},"end":{"line":27,"column":4}},"3":{"start":{"line":28,"column":2},"end":{"line":28,"column":16}}},"fnMap":{"0":{"name":"(anonymous_0)","decl":{"start":{"line":3,"column":17},"end":{"line":3,"column":18}},"loc":{"start":{"line":3,"column":43},"end":{"line":29,"column":1}},"line":3},"1":{"name":"(anonymous_1)","decl":{"start":{"line":10,"column":4},"end":{"line":10,"column":5}},"loc":{"start":{"line":10,"column":29},"end":{"line":12,"column":5}},"line":10}},"branchMap":{},"s":{"0":0,"1":0,"2":0,"3":0},"f":{"0":0,"1":0},"b":{}}
}
