{"C:\\Users\\handriAsyrafi\\hacktiv8\\phase2\\week3\\IP-HCK83\\server\\app.js": {"path":"C:\\Users\\handriAsyrafi\\hacktiv8\\phase2\\week3\\IP-HCK83\\server\\app.js","statementMap":{"0":{"start":{"line":1,"column":16},"end":{"line":1,"column":34}},"1":{"start":{"line":2,"column":13},"end":{"line":2,"column":28}},"2":{"start":{"line":3,"column":26},"end":{"line":3,"column":68}},"3":{"start":{"line":4,"column":25},"end":{"line":4,"column":66}},"4":{"start":{"line":5,"column":23},"end":{"line":5,"column":62}},"5":{"start":{"line":6,"column":22},"end":{"line":6,"column":60}},"6":{"start":{"line":8,"column":25},"end":{"line":8,"column":53}},"7":{"start":{"line":10,"column":12},"end":{"line":10,"column":21}},"8":{"start":{"line":15,"column":0},"end":{"line":15,"column":16}},"9":{"start":{"line":16,"column":0},"end":{"line":16,"column":49}},"10":{"start":{"line":17,"column":0},"end":{"line":17,"column":24}},"11":{"start":{"line":19,"column":0},"end":{"line":21,"column":3}},"12":{"start":{"line":20,"column":2},"end":{"line":20,"column":63}},"13":{"start":{"line":24,"column":0},"end":{"line":24,"column":54}},"14":{"start":{"line":25,"column":0},"end":{"line":25,"column":41}},"15":{"start":{"line":28,"column":0},"end":{"line":28,"column":49}},"16":{"start":{"line":29,"column":0},"end":{"line":29,"column":46}},"17":{"start":{"line":32,"column":0},"end":{"line":32,"column":47}},"18":{"start":{"line":33,"column":0},"end":{"line":33,"column":57}},"19":{"start":{"line":36,"column":0},"end":{"line":36,"column":70}},"20":{"start":{"line":39,"column":0},"end":{"line":43,"column":2}},"21":{"start":{"line":45,"column":0},"end":{"line":45,"column":21}}},"fnMap":{"0":{"name":"(anonymous_0)","decl":{"start":{"line":19,"column":13},"end":{"line":19,"column":14}},"loc":{"start":{"line":19,"column":33},"end":{"line":21,"column":1}},"line":19}},"branchMap":{},"s":{"0":1,"1":1,"2":1,"3":1,"4":1,"5":1,"6":1,"7":1,"8":1,"9":1,"10":1,"11":1,"12":2,"13":1,"14":1,"15":1,"16":1,"17":1,"18":1,"19":1,"20":1,"21":1},"f":{"0":2},"b":{},"_coverageSchema":"1a1c01bbd47fc00a2c39e90264f33305004495a9","hash":"8fb8fa03d3e8c68c3b66e9c3720223e84b5cd064"}
,"C:\\Users\\handriAsyrafi\\hacktiv8\\phase2\\week3\\IP-HCK83\\server\\controllers\\authController.js": {"path":"C:\\Users\\handriAsyrafi\\hacktiv8\\phase2\\week3\\IP-HCK83\\server\\controllers\\authController.js","statementMap":{"0":{"start":{"line":1,"column":28},"end":{"line":1,"column":56}},"1":{"start":{"line":2,"column":26},"end":{"line":2,"column":51}},"2":{"start":{"line":3,"column":17},"end":{"line":3,"column":43}},"3":{"start":{"line":5,"column":25},"end":{"line":5,"column":55}},"4":{"start":{"line":8,"column":15},"end":{"line":8,"column":61}},"5":{"start":{"line":12,"column":4},"end":{"line":72,"column":5}},"6":{"start":{"line":13,"column":27},"end":{"line":13,"column":35}},"7":{"start":{"line":16,"column":22},"end":{"line":16,"column":90}},"8":{"start":{"line":17,"column":26},"end":{"line":17,"column":105}},"9":{"start":{"line":18,"column":26},"end":{"line":18,"column":125}},"10":{"start":{"line":20,"column":21},"end":{"line":23,"column":8}},"11":{"start":{"line":24,"column":22},"end":{"line":24,"column":41}},"12":{"start":{"line":26,"column":26},"end":{"line":30,"column":10}},"13":{"start":{"line":32,"column":19},"end":{"line":32,"column":74}},"14":{"start":{"line":33,"column":26},"end":{"line":33,"column":122}},"15":{"start":{"line":35,"column":6},"end":{"line":52,"column":7}},"16":{"start":{"line":36,"column":28},"end":{"line":36,"column":122}},"17":{"start":{"line":39,"column":25},"end":{"line":43,"column":9}},"18":{"start":{"line":45,"column":28},"end":{"line":45,"column":138}},"19":{"start":{"line":47,"column":24},"end":{"line":47,"column":51}},"20":{"start":{"line":48,"column":28},"end":{"line":48,"column":121}},"21":{"start":{"line":50,"column":29},"end":{"line":50,"column":62}},"22":{"start":{"line":51,"column":8},"end":{"line":51,"column":102}},"23":{"start":{"line":54,"column":26},"end":{"line":54,"column":111}},"24":{"start":{"line":55,"column":27},"end":{"line":55,"column":57}},"25":{"start":{"line":56,"column":6},"end":{"line":56,"column":87}},"26":{"start":{"line":58,"column":26},"end":{"line":62,"column":10}},"27":{"start":{"line":64,"column":6},"end":{"line":69,"column":7}},"28":{"start":{"line":65,"column":8},"end":{"line":68,"column":11}},"29":{"start":{"line":67,"column":39},"end":{"line":67,"column":48}},"30":{"start":{"line":71,"column":6},"end":{"line":71,"column":16}},"31":{"start":{"line":76,"column":4},"end":{"line":136,"column":5}},"32":{"start":{"line":77,"column":34},"end":{"line":77,"column":42}},"33":{"start":{"line":79,"column":6},"end":{"line":84,"column":7}},"34":{"start":{"line":80,"column":8},"end":{"line":83,"column":10}},"35":{"start":{"line":86,"column":6},"end":{"line":91,"column":7}},"36":{"start":{"line":87,"column":8},"end":{"line":90,"column":10}},"37":{"start":{"line":93,"column":17},"end":{"line":97,"column":8}},"38":{"start":{"line":99,"column":6},"end":{"line":104,"column":7}},"39":{"start":{"line":100,"column":8},"end":{"line":103,"column":10}},"40":{"start":{"line":106,"column":30},"end":{"line":106,"column":70}},"41":{"start":{"line":108,"column":6},"end":{"line":113,"column":7}},"42":{"start":{"line":109,"column":8},"end":{"line":112,"column":10}},"43":{"start":{"line":115,"column":20},"end":{"line":119,"column":7}},"44":{"start":{"line":121,"column":18},"end":{"line":121,"column":40}},"45":{"start":{"line":123,"column":6},"end":{"line":125,"column":9}},"46":{"start":{"line":127,"column":6},"end":{"line":135,"column":7}},"47":{"start":{"line":128,"column":8},"end":{"line":130,"column":11}},"48":{"start":{"line":132,"column":8},"end":{"line":134,"column":11}},"49":{"start":{"line":140,"column":0},"end":{"line":140,"column":32}},"50":{"start":{"line":147,"column":85},"end":{"line":147,"column":40746}},"51":{"start":{"line":147,"column":89},"end":{"line":147,"column":40735}}},"fnMap":{"0":{"name":"(anonymous_0)","decl":{"start":{"line":11,"column":2},"end":{"line":11,"column":3}},"loc":{"start":{"line":11,"column":43},"end":{"line":73,"column":3}},"line":11},"1":{"name":"(anonymous_1)","decl":{"start":{"line":67,"column":34},"end":{"line":67,"column":35}},"loc":{"start":{"line":67,"column":39},"end":{"line":67,"column":48}},"line":67},"2":{"name":"(anonymous_2)","decl":{"start":{"line":75,"column":2},"end":{"line":75,"column":3}},"loc":{"start":{"line":75,"column":37},"end":{"line":137,"column":3}},"line":75},"3":{"name":"oo_cm","decl":{"start":{"line":147,"column":77},"end":{"line":147,"column":82}},"loc":{"start":{"line":147,"column":84},"end":{"line":147,"column":40747}},"line":147}},"branchMap":{"0":{"loc":{"start":{"line":33,"column":96},"end":{"line":33,"column":119}},"type":"cond-expr","locations":[{"start":{"line":33,"column":103},"end":{"line":33,"column":110}},{"start":{"line":33,"column":113},"end":{"line":33,"column":119}}],"line":33},"1":{"loc":{"start":{"line":35,"column":6},"end":{"line":52,"column":7}},"type":"if","locations":[{"start":{"line":35,"column":6},"end":{"line":52,"column":7}},{"start":{},"end":{}}],"line":35},"2":{"loc":{"start":{"line":40,"column":20},"end":{"line":40,"column":63}},"type":"binary-expr","locations":[{"start":{"line":40,"column":20},"end":{"line":40,"column":32}},{"start":{"line":40,"column":36},"end":{"line":40,"column":63}}],"line":40},"3":{"loc":{"start":{"line":64,"column":6},"end":{"line":69,"column":7}},"type":"if","locations":[{"start":{"line":64,"column":6},"end":{"line":69,"column":7}},{"start":{},"end":{}}],"line":64},"4":{"loc":{"start":{"line":79,"column":6},"end":{"line":84,"column":7}},"type":"if","locations":[{"start":{"line":79,"column":6},"end":{"line":84,"column":7}},{"start":{},"end":{}}],"line":79},"5":{"loc":{"start":{"line":86,"column":6},"end":{"line":91,"column":7}},"type":"if","locations":[{"start":{"line":86,"column":6},"end":{"line":91,"column":7}},{"start":{},"end":{}}],"line":86},"6":{"loc":{"start":{"line":99,"column":6},"end":{"line":104,"column":7}},"type":"if","locations":[{"start":{"line":99,"column":6},"end":{"line":104,"column":7}},{"start":{},"end":{}}],"line":99},"7":{"loc":{"start":{"line":108,"column":6},"end":{"line":113,"column":7}},"type":"if","locations":[{"start":{"line":108,"column":6},"end":{"line":113,"column":7}},{"start":{},"end":{}}],"line":108},"8":{"loc":{"start":{"line":127,"column":6},"end":{"line":135,"column":7}},"type":"if","locations":[{"start":{"line":127,"column":6},"end":{"line":135,"column":7}},{"start":{"line":131,"column":13},"end":{"line":135,"column":7}}],"line":127},"9":{"loc":{"start":{"line":147,"column":96},"end":{"line":147,"column":40734}},"type":"binary-expr","locations":[{"start":{"line":147,"column":96},"end":{"line":147,"column":133}},{"start":{"line":147,"column":137},"end":{"line":147,"column":40734}}],"line":147}},"s":{"0":1,"1":1,"2":1,"3":1,"4":1,"5":11,"6":11,"7":11,"8":1,"9":1,"10":1,"11":1,"12":0,"13":0,"14":0,"15":0,"16":0,"17":0,"18":0,"19":0,"20":0,"21":0,"22":0,"23":0,"24":0,"25":0,"26":11,"27":11,"28":0,"29":0,"30":11,"31":7,"32":7,"33":7,"34":1,"35":6,"36":1,"37":5,"38":3,"39":1,"40":2,"41":2,"42":1,"43":1,"44":1,"45":1,"46":6,"47":4,"48":2,"49":1,"50":13,"51":13},"f":{"0":11,"1":0,"2":7,"3":13},"b":{"0":[0,0],"1":[0,0],"2":[0,0],"3":[0,11],"4":[1,6],"5":[1,5],"6":[1,2],"7":[1,1],"8":[4,2],"9":[13,1]},"_coverageSchema":"1a1c01bbd47fc00a2c39e90264f33305004495a9","hash":"115c7537c79d6c75ac64fe2d18509fcc7d336d05"}
,"C:\\Users\\handriAsyrafi\\hacktiv8\\phase2\\week3\\IP-HCK83\\server\\controllers\\monsterController.js": {"path":"C:\\Users\\handriAsyrafi\\hacktiv8\\phase2\\week3\\IP-HCK83\\server\\controllers\\monsterController.js","statementMap":{"0":{"start":{"line":1,"column":20},"end":{"line":1,"column":46}},"1":{"start":{"line":5,"column":4},"end":{"line":11,"column":5}},"2":{"start":{"line":6,"column":20},"end":{"line":6,"column":43}},"3":{"start":{"line":8,"column":6},"end":{"line":8,"column":36}},"4":{"start":{"line":10,"column":6},"end":{"line":10,"column":18}},"5":{"start":{"line":15,"column":0},"end":{"line":15,"column":35}}},"fnMap":{"0":{"name":"(anonymous_0)","decl":{"start":{"line":4,"column":2},"end":{"line":4,"column":3}},"loc":{"start":{"line":4,"column":40},"end":{"line":12,"column":3}},"line":4}},"branchMap":{},"s":{"0":1,"1":4,"2":4,"3":3,"4":1,"5":1},"f":{"0":4},"b":{},"_coverageSchema":"1a1c01bbd47fc00a2c39e90264f33305004495a9","hash":"69f929684fb560db63723c144f6e5b84710a406e"}
,"C:\\Users\\handriAsyrafi\\hacktiv8\\phase2\\week3\\IP-HCK83\\server\\controllers\\recController.js": {"path":"C:\\Users\\handriAsyrafi\\hacktiv8\\phase2\\week3\\IP-HCK83\\server\\controllers\\recController.js","statementMap":{"0":{"start":{"line":1,"column":50},"end":{"line":1,"column":70}},"1":{"start":{"line":2,"column":22},"end":{"line":2,"column":50}},"2":{"start":{"line":6,"column":4},"end":{"line":15,"column":5}},"3":{"start":{"line":7,"column":30},"end":{"line":9,"column":8}},"4":{"start":{"line":11,"column":6},"end":{"line":11,"column":44}},"5":{"start":{"line":13,"column":26},"end":{"line":13,"column":81}},"6":{"start":{"line":14,"column":6},"end":{"line":14,"column":73}},"7":{"start":{"line":19,"column":4},"end":{"line":66,"column":5}},"8":{"start":{"line":20,"column":49},"end":{"line":20,"column":57}},"9":{"start":{"line":23,"column":19},"end":{"line":23,"column":46}},"10":{"start":{"line":24,"column":22},"end":{"line":24,"column":55}},"11":{"start":{"line":25,"column":22},"end":{"line":25,"column":44}},"12":{"start":{"line":27,"column":6},"end":{"line":29,"column":7}},"13":{"start":{"line":28,"column":8},"end":{"line":28,"column":76}},"14":{"start":{"line":32,"column":31},"end":{"line":36,"column":7}},"15":{"start":{"line":39,"column":32},"end":{"line":41,"column":7}},"16":{"start":{"line":43,"column":6},"end":{"line":45,"column":7}},"17":{"start":{"line":44,"column":8},"end":{"line":44,"column":79}},"18":{"start":{"line":48,"column":29},"end":{"line":52,"column":8}},"19":{"start":{"line":55,"column":21},"end":{"line":57,"column":8}},"20":{"start":{"line":59,"column":6},"end":{"line":62,"column":9}},"21":{"start":{"line":64,"column":26},"end":{"line":64,"column":84}},"22":{"start":{"line":65,"column":6},"end":{"line":65,"column":75}},"23":{"start":{"line":70,"column":4},"end":{"line":88,"column":5}},"24":{"start":{"line":71,"column":28},"end":{"line":71,"column":38}},"25":{"start":{"line":73,"column":22},"end":{"line":73,"column":55}},"26":{"start":{"line":75,"column":6},"end":{"line":77,"column":7}},"27":{"start":{"line":76,"column":8},"end":{"line":76,"column":68}},"28":{"start":{"line":79,"column":23},"end":{"line":79,"column":75}},"29":{"start":{"line":81,"column":6},"end":{"line":84,"column":9}},"30":{"start":{"line":86,"column":26},"end":{"line":86,"column":84}},"31":{"start":{"line":87,"column":6},"end":{"line":87,"column":67}},"32":{"start":{"line":92,"column":4},"end":{"line":107,"column":5}},"33":{"start":{"line":93,"column":21},"end":{"line":93,"column":31}},"34":{"start":{"line":95,"column":29},"end":{"line":95,"column":62}},"35":{"start":{"line":97,"column":6},"end":{"line":99,"column":7}},"36":{"start":{"line":98,"column":8},"end":{"line":98,"column":75}},"37":{"start":{"line":101,"column":6},"end":{"line":101,"column":37}},"38":{"start":{"line":103,"column":6},"end":{"line":103,"column":79}},"39":{"start":{"line":105,"column":26},"end":{"line":105,"column":83}},"40":{"start":{"line":106,"column":6},"end":{"line":106,"column":73}},"41":{"start":{"line":111,"column":4},"end":{"line":284,"column":5}},"42":{"start":{"line":112,"column":28},"end":{"line":112,"column":38}},"43":{"start":{"line":113,"column":25},"end":{"line":113,"column":34}},"44":{"start":{"line":114,"column":21},"end":{"line":114,"column":38}},"45":{"start":{"line":117,"column":22},"end":{"line":117,"column":55}},"46":{"start":{"line":119,"column":6},"end":{"line":121,"column":7}},"47":{"start":{"line":120,"column":8},"end":{"line":120,"column":68}},"48":{"start":{"line":124,"column":24},"end":{"line":124,"column":26}},"49":{"start":{"line":125,"column":6},"end":{"line":127,"column":7}},"50":{"start":{"line":126,"column":8},"end":{"line":126,"column":57}},"51":{"start":{"line":128,"column":22},"end":{"line":128,"column":55}},"52":{"start":{"line":130,"column":6},"end":{"line":134,"column":7}},"53":{"start":{"line":131,"column":8},"end":{"line":133,"column":11}},"54":{"start":{"line":137,"column":26},"end":{"line":141,"column":7}},"55":{"start":{"line":144,"column":31},"end":{"line":148,"column":7}},"56":{"start":{"line":151,"column":21},"end":{"line":151,"column":25}},"57":{"start":{"line":152,"column":22},"end":{"line":152,"column":48}},"58":{"start":{"line":155,"column":6},"end":{"line":168,"column":7}},"59":{"start":{"line":156,"column":8},"end":{"line":165,"column":9}},"60":{"start":{"line":157,"column":28},"end":{"line":157,"column":75}},"61":{"start":{"line":158,"column":10},"end":{"line":162,"column":11}},"62":{"start":{"line":159,"column":27},"end":{"line":159,"column":51}},"63":{"start":{"line":160,"column":12},"end":{"line":160,"column":39}},"64":{"start":{"line":161,"column":12},"end":{"line":161,"column":41}},"65":{"start":{"line":163,"column":15},"end":{"line":165,"column":9}},"66":{"start":{"line":164,"column":10},"end":{"line":164,"column":47}},"67":{"start":{"line":167,"column":28},"end":{"line":167,"column":122}},"68":{"start":{"line":171,"column":30},"end":{"line":171,"column":34}},"69":{"start":{"line":172,"column":6},"end":{"line":174,"column":7}},"70":{"start":{"line":173,"column":8},"end":{"line":173,"column":60}},"71":{"start":{"line":177,"column":6},"end":{"line":198,"column":7}},"72":{"start":{"line":178,"column":28},"end":{"line":178,"column":137}},"73":{"start":{"line":181,"column":33},"end":{"line":186,"column":70}},"74":{"start":{"line":182,"column":28},"end":{"line":185,"column":11}},"75":{"start":{"line":186,"column":26},"end":{"line":186,"column":69}},"76":{"start":{"line":188,"column":8},"end":{"line":190,"column":23}},"77":{"start":{"line":193,"column":8},"end":{"line":197,"column":59}},"78":{"start":{"line":200,"column":6},"end":{"line":210,"column":7}},"79":{"start":{"line":201,"column":8},"end":{"line":209,"column":11}},"80":{"start":{"line":213,"column":33},"end":{"line":216,"column":7}},"81":{"start":{"line":219,"column":32},"end":{"line":219,"column":36}},"82":{"start":{"line":220,"column":6},"end":{"line":239,"column":7}},"83":{"start":{"line":221,"column":8},"end":{"line":234,"column":9}},"84":{"start":{"line":222,"column":10},"end":{"line":226,"column":13}},"85":{"start":{"line":227,"column":30},"end":{"line":230,"column":12}},"86":{"start":{"line":232,"column":30},"end":{"line":232,"column":136}},"87":{"start":{"line":236,"column":28},"end":{"line":238,"column":10}},"88":{"start":{"line":242,"column":33},"end":{"line":246,"column":7}},"89":{"start":{"line":249,"column":6},"end":{"line":277,"column":9}},"90":{"start":{"line":279,"column":26},"end":{"line":279,"column":128}},"91":{"start":{"line":280,"column":6},"end":{"line":283,"column":9}},"92":{"start":{"line":290,"column":14},"end":{"line":290,"column":16}},"93":{"start":{"line":293,"column":2},"end":{"line":297,"column":3}},"94":{"start":{"line":294,"column":4},"end":{"line":296,"column":5}},"95":{"start":{"line":295,"column":6},"end":{"line":295,"column":18}},"96":{"start":{"line":300,"column":2},"end":{"line":300,"column":38}},"97":{"start":{"line":301,"column":2},"end":{"line":301,"column":29}},"98":{"start":{"line":303,"column":2},"end":{"line":303,"column":42}},"99":{"start":{"line":308,"column":2},"end":{"line":308,"column":56}},"100":{"start":{"line":308,"column":46},"end":{"line":308,"column":56}},"101":{"start":{"line":310,"column":2},"end":{"line":312,"column":4}},"102":{"start":{"line":311,"column":18},"end":{"line":311,"column":73}},"103":{"start":{"line":318,"column":23},"end":{"line":325,"column":16}},"104":{"start":{"line":319,"column":24},"end":{"line":319,"column":53}},"105":{"start":{"line":320,"column":22},"end":{"line":323,"column":5}},"106":{"start":{"line":324,"column":20},"end":{"line":324,"column":63}},"107":{"start":{"line":327,"column":2},"end":{"line":327,"column":22}},"108":{"start":{"line":330,"column":0},"end":{"line":330,"column":31}},"109":{"start":{"line":337,"column":85},"end":{"line":337,"column":40746}},"110":{"start":{"line":337,"column":89},"end":{"line":337,"column":40735}}},"fnMap":{"0":{"name":"(anonymous_0)","decl":{"start":{"line":5,"column":2},"end":{"line":5,"column":3}},"loc":{"start":{"line":5,"column":35},"end":{"line":16,"column":3}},"line":5},"1":{"name":"(anonymous_1)","decl":{"start":{"line":18,"column":2},"end":{"line":18,"column":3}},"loc":{"start":{"line":18,"column":54},"end":{"line":67,"column":3}},"line":18},"2":{"name":"(anonymous_2)","decl":{"start":{"line":69,"column":2},"end":{"line":69,"column":3}},"loc":{"start":{"line":69,"column":46},"end":{"line":89,"column":3}},"line":69},"3":{"name":"(anonymous_3)","decl":{"start":{"line":91,"column":2},"end":{"line":91,"column":3}},"loc":{"start":{"line":91,"column":38},"end":{"line":108,"column":3}},"line":91},"4":{"name":"(anonymous_4)","decl":{"start":{"line":110,"column":2},"end":{"line":110,"column":3}},"loc":{"start":{"line":110,"column":55},"end":{"line":285,"column":3}},"line":110},"5":{"name":"(anonymous_5)","decl":{"start":{"line":182,"column":15},"end":{"line":182,"column":16}},"loc":{"start":{"line":182,"column":28},"end":{"line":185,"column":11}},"line":182},"6":{"name":"(anonymous_6)","decl":{"start":{"line":186,"column":16},"end":{"line":186,"column":17}},"loc":{"start":{"line":186,"column":26},"end":{"line":186,"column":69}},"line":186},"7":{"name":"calculateEffectiveness","decl":{"start":{"line":289,"column":9},"end":{"line":289,"column":31}},"loc":{"start":{"line":289,"column":49},"end":{"line":304,"column":1}},"line":289},"8":{"name":"getMatchedWeaknesses","decl":{"start":{"line":307,"column":9},"end":{"line":307,"column":29}},"loc":{"start":{"line":307,"column":47},"end":{"line":313,"column":1}},"line":307},"9":{"name":"(anonymous_9)","decl":{"start":{"line":311,"column":4},"end":{"line":311,"column":5}},"loc":{"start":{"line":311,"column":18},"end":{"line":311,"column":73}},"line":311},"10":{"name":"getAlternativeWeapons","decl":{"start":{"line":316,"column":15},"end":{"line":316,"column":36}},"loc":{"start":{"line":316,"column":75},"end":{"line":328,"column":1}},"line":316},"11":{"name":"(anonymous_11)","decl":{"start":{"line":319,"column":12},"end":{"line":319,"column":13}},"loc":{"start":{"line":319,"column":24},"end":{"line":319,"column":53}},"line":319},"12":{"name":"(anonymous_12)","decl":{"start":{"line":320,"column":9},"end":{"line":320,"column":10}},"loc":{"start":{"line":320,"column":22},"end":{"line":323,"column":5}},"line":320},"13":{"name":"(anonymous_13)","decl":{"start":{"line":324,"column":10},"end":{"line":324,"column":11}},"loc":{"start":{"line":324,"column":20},"end":{"line":324,"column":63}},"line":324},"14":{"name":"oo_cm","decl":{"start":{"line":337,"column":77},"end":{"line":337,"column":82}},"loc":{"start":{"line":337,"column":84},"end":{"line":337,"column":40747}},"line":337}},"branchMap":{"0":{"loc":{"start":{"line":27,"column":6},"end":{"line":29,"column":7}},"type":"if","locations":[{"start":{"line":27,"column":6},"end":{"line":29,"column":7}},{"start":{},"end":{}}],"line":27},"1":{"loc":{"start":{"line":27,"column":10},"end":{"line":27,"column":27}},"type":"binary-expr","locations":[{"start":{"line":27,"column":10},"end":{"line":27,"column":15}},{"start":{"line":27,"column":19},"end":{"line":27,"column":27}}],"line":27},"2":{"loc":{"start":{"line":43,"column":6},"end":{"line":45,"column":7}},"type":"if","locations":[{"start":{"line":43,"column":6},"end":{"line":45,"column":7}},{"start":{},"end":{}}],"line":43},"3":{"loc":{"start":{"line":75,"column":6},"end":{"line":77,"column":7}},"type":"if","locations":[{"start":{"line":75,"column":6},"end":{"line":77,"column":7}},{"start":{},"end":{}}],"line":75},"4":{"loc":{"start":{"line":97,"column":6},"end":{"line":99,"column":7}},"type":"if","locations":[{"start":{"line":97,"column":6},"end":{"line":99,"column":7}},{"start":{},"end":{}}],"line":97},"5":{"loc":{"start":{"line":114,"column":21},"end":{"line":114,"column":38}},"type":"binary-expr","locations":[{"start":{"line":114,"column":21},"end":{"line":114,"column":33}},{"start":{"line":114,"column":37},"end":{"line":114,"column":38}}],"line":114},"6":{"loc":{"start":{"line":119,"column":6},"end":{"line":121,"column":7}},"type":"if","locations":[{"start":{"line":119,"column":6},"end":{"line":121,"column":7}},{"start":{},"end":{}}],"line":119},"7":{"loc":{"start":{"line":125,"column":6},"end":{"line":127,"column":7}},"type":"if","locations":[{"start":{"line":125,"column":6},"end":{"line":127,"column":7}},{"start":{},"end":{}}],"line":125},"8":{"loc":{"start":{"line":130,"column":6},"end":{"line":134,"column":7}},"type":"if","locations":[{"start":{"line":130,"column":6},"end":{"line":134,"column":7}},{"start":{},"end":{}}],"line":130},"9":{"loc":{"start":{"line":132,"column":17},"end":{"line":132,"column":95}},"type":"cond-expr","locations":[{"start":{"line":132,"column":26},"end":{"line":132,"column":70}},{"start":{"line":132,"column":73},"end":{"line":132,"column":95}}],"line":132},"10":{"loc":{"start":{"line":156,"column":8},"end":{"line":165,"column":9}},"type":"if","locations":[{"start":{"line":156,"column":8},"end":{"line":165,"column":9}},{"start":{"line":163,"column":15},"end":{"line":165,"column":9}}],"line":156},"11":{"loc":{"start":{"line":158,"column":10},"end":{"line":162,"column":11}},"type":"if","locations":[{"start":{"line":158,"column":10},"end":{"line":162,"column":11}},{"start":{},"end":{}}],"line":158},"12":{"loc":{"start":{"line":163,"column":15},"end":{"line":165,"column":9}},"type":"if","locations":[{"start":{"line":163,"column":15},"end":{"line":165,"column":9}},{"start":{},"end":{}}],"line":163},"13":{"loc":{"start":{"line":172,"column":6},"end":{"line":174,"column":7}},"type":"if","locations":[{"start":{"line":172,"column":6},"end":{"line":174,"column":7}},{"start":{},"end":{}}],"line":172},"14":{"loc":{"start":{"line":177,"column":6},"end":{"line":198,"column":7}},"type":"if","locations":[{"start":{"line":177,"column":6},"end":{"line":198,"column":7}},{"start":{},"end":{}}],"line":177},"15":{"loc":{"start":{"line":188,"column":28},"end":{"line":190,"column":22}},"type":"cond-expr","locations":[{"start":{"line":189,"column":12},"end":{"line":189,"column":57}},{"start":{"line":190,"column":12},"end":{"line":190,"column":22}}],"line":188},"16":{"loc":{"start":{"line":200,"column":6},"end":{"line":210,"column":7}},"type":"if","locations":[{"start":{"line":200,"column":6},"end":{"line":210,"column":7}},{"start":{},"end":{}}],"line":200},"17":{"loc":{"start":{"line":220,"column":6},"end":{"line":239,"column":7}},"type":"if","locations":[{"start":{"line":220,"column":6},"end":{"line":239,"column":7}},{"start":{"line":235,"column":13},"end":{"line":239,"column":7}}],"line":220},"18":{"loc":{"start":{"line":272,"column":27},"end":{"line":272,"column":61}},"type":"cond-expr","locations":[{"start":{"line":272,"column":49},"end":{"line":272,"column":53}},{"start":{"line":272,"column":56},"end":{"line":272,"column":61}}],"line":272},"19":{"loc":{"start":{"line":273,"column":28},"end":{"line":273,"column":79}},"type":"cond-expr","locations":[{"start":{"line":273,"column":50},"end":{"line":273,"column":72}},{"start":{"line":273,"column":75},"end":{"line":273,"column":79}}],"line":273},"20":{"loc":{"start":{"line":293,"column":2},"end":{"line":297,"column":3}},"type":"if","locations":[{"start":{"line":293,"column":2},"end":{"line":297,"column":3}},{"start":{},"end":{}}],"line":293},"21":{"loc":{"start":{"line":293,"column":6},"end":{"line":293,"column":42}},"type":"binary-expr","locations":[{"start":{"line":293,"column":6},"end":{"line":293,"column":24}},{"start":{"line":293,"column":28},"end":{"line":293,"column":42}}],"line":293},"22":{"loc":{"start":{"line":294,"column":4},"end":{"line":296,"column":5}},"type":"if","locations":[{"start":{"line":294,"column":4},"end":{"line":296,"column":5}},{"start":{},"end":{}}],"line":294},"23":{"loc":{"start":{"line":308,"column":2},"end":{"line":308,"column":56}},"type":"if","locations":[{"start":{"line":308,"column":2},"end":{"line":308,"column":56}},{"start":{},"end":{}}],"line":308},"24":{"loc":{"start":{"line":308,"column":6},"end":{"line":308,"column":44}},"type":"binary-expr","locations":[{"start":{"line":308,"column":6},"end":{"line":308,"column":25}},{"start":{"line":308,"column":29},"end":{"line":308,"column":44}}],"line":308},"25":{"loc":{"start":{"line":337,"column":96},"end":{"line":337,"column":40734}},"type":"binary-expr","locations":[{"start":{"line":337,"column":96},"end":{"line":337,"column":133}},{"start":{"line":337,"column":137},"end":{"line":337,"column":40734}}],"line":337}},"s":{"0":1,"1":1,"2":2,"3":2,"4":1,"5":1,"6":1,"7":4,"8":4,"9":4,"10":4,"11":4,"12":4,"13":2,"14":2,"15":2,"16":2,"17":1,"18":1,"19":1,"20":1,"21":0,"22":0,"23":2,"24":2,"25":2,"26":2,"27":1,"28":1,"29":1,"30":0,"31":0,"32":2,"33":2,"34":2,"35":2,"36":1,"37":1,"38":1,"39":0,"40":0,"41":3,"42":3,"43":3,"44":3,"45":3,"46":3,"47":0,"48":3,"49":3,"50":1,"51":3,"52":3,"53":1,"54":2,"55":2,"56":2,"57":2,"58":2,"59":2,"60":0,"61":0,"62":0,"63":0,"64":0,"65":2,"66":2,"67":0,"68":2,"69":2,"70":2,"71":2,"72":0,"73":0,"74":0,"75":0,"76":0,"77":0,"78":2,"79":0,"80":2,"81":2,"82":2,"83":2,"84":2,"85":2,"86":0,"87":0,"88":2,"89":1,"90":1,"91":1,"92":2,"93":2,"94":2,"95":2,"96":2,"97":2,"98":2,"99":1,"100":0,"101":1,"102":2,"103":2,"104":3,"105":1,"106":0,"107":1,"108":1,"109":4,"110":4},"f":{"0":2,"1":4,"2":2,"3":2,"4":3,"5":0,"6":0,"7":2,"8":1,"9":2,"10":2,"11":3,"12":1,"13":0,"14":4},"b":{"0":[2,2],"1":[4,3],"2":[1,1],"3":[1,1],"4":[1,1],"5":[3,3],"6":[0,3],"7":[1,2],"8":[1,2],"9":[0,1],"10":[0,2],"11":[0,0],"12":[2,0],"13":[2,0],"14":[0,2],"15":[0,0],"16":[0,2],"17":[2,0],"18":[1,0],"19":[1,0],"20":[2,0],"21":[2,2],"22":[2,0],"23":[0,1],"24":[1,1],"25":[4,1]},"_coverageSchema":"1a1c01bbd47fc00a2c39e90264f33305004495a9","hash":"fa853ca97d77f5b4bf60e9bc1c320a7565b683f1"}
,"C:\\Users\\handriAsyrafi\\hacktiv8\\phase2\\week3\\IP-HCK83\\server\\controllers\\weaponController.js": {"path":"C:\\Users\\handriAsyrafi\\hacktiv8\\phase2\\week3\\IP-HCK83\\server\\controllers\\weaponController.js","statementMap":{"0":{"start":{"line":1,"column":19},"end":{"line":1,"column":45}},"1":{"start":{"line":5,"column":4},"end":{"line":11,"column":5}},"2":{"start":{"line":6,"column":19},"end":{"line":6,"column":41}},"3":{"start":{"line":8,"column":6},"end":{"line":8,"column":35}},"4":{"start":{"line":10,"column":6},"end":{"line":10,"column":18}},"5":{"start":{"line":15,"column":0},"end":{"line":15,"column":34}}},"fnMap":{"0":{"name":"(anonymous_0)","decl":{"start":{"line":4,"column":2},"end":{"line":4,"column":3}},"loc":{"start":{"line":4,"column":39},"end":{"line":12,"column":3}},"line":4}},"branchMap":{},"s":{"0":1,"1":5,"2":5,"3":4,"4":1,"5":1},"f":{"0":5},"b":{},"_coverageSchema":"1a1c01bbd47fc00a2c39e90264f33305004495a9","hash":"cb224331ff1305c7444f389e2637425e980c6663"}
,"C:\\Users\\handriAsyrafi\\hacktiv8\\phase2\\week3\\IP-HCK83\\server\\helpers\\bcrypt.js": {"path":"C:\\Users\\handriAsyrafi\\hacktiv8\\phase2\\week3\\IP-HCK83\\server\\helpers\\bcrypt.js","statementMap":{"0":{"start":{"line":1,"column":15},"end":{"line":1,"column":34}},"1":{"start":{"line":4,"column":15},"end":{"line":4,"column":37}},"2":{"start":{"line":5,"column":15},"end":{"line":5,"column":51}},"3":{"start":{"line":7,"column":2},"end":{"line":7,"column":14}},"4":{"start":{"line":11,"column":2},"end":{"line":11,"column":57}},"5":{"start":{"line":14,"column":0},"end":{"line":14,"column":55}}},"fnMap":{"0":{"name":"generatePassword","decl":{"start":{"line":3,"column":9},"end":{"line":3,"column":25}},"loc":{"start":{"line":3,"column":41},"end":{"line":8,"column":1}},"line":3},"1":{"name":"comparePassword","decl":{"start":{"line":10,"column":9},"end":{"line":10,"column":24}},"loc":{"start":{"line":10,"column":54},"end":{"line":12,"column":1}},"line":10}},"branchMap":{},"s":{"0":1,"1":12,"2":12,"3":12,"4":17,"5":1},"f":{"0":12,"1":17},"b":{},"_coverageSchema":"1a1c01bbd47fc00a2c39e90264f33305004495a9","hash":"f5a9b78e445df42b36e622f0369aec454c130d1f"}
,"C:\\Users\\handriAsyrafi\\hacktiv8\\phase2\\week3\\IP-HCK83\\server\\helpers\\jwt.js": {"path":"C:\\Users\\handriAsyrafi\\hacktiv8\\phase2\\week3\\IP-HCK83\\server\\helpers\\jwt.js","statementMap":{"0":{"start":{"line":1,"column":12},"end":{"line":1,"column":35}},"1":{"start":{"line":2,"column":0},"end":{"line":2,"column":27}},"2":{"start":{"line":4,"column":0},"end":{"line":12,"column":1}},"3":{"start":{"line":6,"column":16},"end":{"line":6,"column":57}},"4":{"start":{"line":7,"column":4},"end":{"line":7,"column":16}},"5":{"start":{"line":10,"column":4},"end":{"line":10,"column":53}}},"fnMap":{"0":{"name":"(anonymous_0)","decl":{"start":{"line":5,"column":17},"end":{"line":5,"column":18}},"loc":{"start":{"line":5,"column":30},"end":{"line":8,"column":3}},"line":5},"1":{"name":"(anonymous_1)","decl":{"start":{"line":9,"column":15},"end":{"line":9,"column":16}},"loc":{"start":{"line":9,"column":26},"end":{"line":11,"column":3}},"line":9}},"branchMap":{},"s":{"0":2,"1":2,"2":2,"3":27,"4":27,"5":13},"f":{"0":27,"1":13},"b":{},"_coverageSchema":"1a1c01bbd47fc00a2c39e90264f33305004495a9","hash":"584d7f153b09ffe06cc0b26638dfbd5a18530163"}
,"C:\\Users\\handriAsyrafi\\hacktiv8\\phase2\\week3\\IP-HCK83\\server\\lib\\gemini.api.js": {"path":"C:\\Users\\handriAsyrafi\\hacktiv8\\phase2\\week3\\IP-HCK83\\server\\lib\\gemini.api.js","statementMap":{"0":{"start":{"line":1,"column":31},"end":{"line":1,"column":63}},"1":{"start":{"line":2,"column":0},"end":{"line":2,"column":27}},"2":{"start":{"line":4,"column":14},"end":{"line":4,"column":64}},"3":{"start":{"line":8,"column":4},"end":{"line":47,"column":5}},"4":{"start":{"line":9,"column":20},"end":{"line":9,"column":75}},"5":{"start":{"line":12,"column":25},"end":{"line":12,"column":128}},"6":{"start":{"line":12,"column":42},"end":{"line":12,"column":116}},"7":{"start":{"line":14,"column":21},"end":{"line":30,"column":7}},"8":{"start":{"line":32,"column":21},"end":{"line":32,"column":56}},"9":{"start":{"line":33,"column":23},"end":{"line":33,"column":44}},"10":{"start":{"line":34,"column":19},"end":{"line":34,"column":34}},"11":{"start":{"line":36,"column":6},"end":{"line":43,"column":7}},"12":{"start":{"line":37,"column":8},"end":{"line":37,"column":32}},"13":{"start":{"line":39,"column":8},"end":{"line":42,"column":10}},"14":{"start":{"line":45,"column":26},"end":{"line":45,"column":127}},"15":{"start":{"line":46,"column":6},"end":{"line":46,"column":59}},"16":{"start":{"line":51,"column":4},"end":{"line":87,"column":5}},"17":{"start":{"line":52,"column":20},"end":{"line":52,"column":75}},"18":{"start":{"line":54,"column":21},"end":{"line":67,"column":7}},"19":{"start":{"line":69,"column":21},"end":{"line":69,"column":56}},"20":{"start":{"line":70,"column":23},"end":{"line":70,"column":44}},"21":{"start":{"line":71,"column":19},"end":{"line":71,"column":34}},"22":{"start":{"line":73,"column":6},"end":{"line":83,"column":7}},"23":{"start":{"line":74,"column":8},"end":{"line":74,"column":32}},"24":{"start":{"line":76,"column":8},"end":{"line":82,"column":10}},"25":{"start":{"line":85,"column":26},"end":{"line":85,"column":122}},"26":{"start":{"line":86,"column":6},"end":{"line":86,"column":61}},"27":{"start":{"line":91,"column":0},"end":{"line":91,"column":31}},"28":{"start":{"line":98,"column":85},"end":{"line":98,"column":40746}},"29":{"start":{"line":98,"column":89},"end":{"line":98,"column":40735}}},"fnMap":{"0":{"name":"(anonymous_0)","decl":{"start":{"line":7,"column":2},"end":{"line":7,"column":3}},"loc":{"start":{"line":7,"column":80},"end":{"line":48,"column":3}},"line":7},"1":{"name":"(anonymous_1)","decl":{"start":{"line":12,"column":37},"end":{"line":12,"column":38}},"loc":{"start":{"line":12,"column":42},"end":{"line":12,"column":116}},"line":12},"2":{"name":"(anonymous_2)","decl":{"start":{"line":50,"column":2},"end":{"line":50,"column":3}},"loc":{"start":{"line":50,"column":48},"end":{"line":88,"column":3}},"line":50},"3":{"name":"oo_cm","decl":{"start":{"line":98,"column":77},"end":{"line":98,"column":82}},"loc":{"start":{"line":98,"column":84},"end":{"line":98,"column":40747}},"line":98}},"branchMap":{"0":{"loc":{"start":{"line":78,"column":22},"end":{"line":78,"column":46}},"type":"binary-expr","locations":[{"start":{"line":78,"column":22},"end":{"line":78,"column":40}},{"start":{"line":78,"column":44},"end":{"line":78,"column":46}}],"line":78},"1":{"loc":{"start":{"line":98,"column":96},"end":{"line":98,"column":40734}},"type":"binary-expr","locations":[{"start":{"line":98,"column":96},"end":{"line":98,"column":133}},{"start":{"line":98,"column":137},"end":{"line":98,"column":40734}}],"line":98}},"s":{"0":2,"1":2,"2":2,"3":10,"4":10,"5":10,"6":14,"7":10,"8":10,"9":0,"10":0,"11":0,"12":0,"13":0,"14":10,"15":10,"16":7,"17":7,"18":7,"19":7,"20":0,"21":0,"22":0,"23":0,"24":0,"25":7,"26":7,"27":2,"28":17,"29":17},"f":{"0":10,"1":14,"2":7,"3":17},"b":{"0":[0,0],"1":[17,1]},"_coverageSchema":"1a1c01bbd47fc00a2c39e90264f33305004495a9","hash":"55d8f7d3050a000a42dc1a390744a2860e70712c"}
,"C:\\Users\\handriAsyrafi\\hacktiv8\\phase2\\week3\\IP-HCK83\\server\\middleware\\auth.js": {"path":"C:\\Users\\handriAsyrafi\\hacktiv8\\phase2\\week3\\IP-HCK83\\server\\middleware\\auth.js","statementMap":{"0":{"start":{"line":1,"column":12},"end":{"line":1,"column":35}},"1":{"start":{"line":2,"column":17},"end":{"line":2,"column":37}},"2":{"start":{"line":4,"column":21},"end":{"line":24,"column":1}},"3":{"start":{"line":5,"column":2},"end":{"line":23,"column":3}},"4":{"start":{"line":6,"column":18},"end":{"line":6,"column":58}},"5":{"start":{"line":8,"column":4},"end":{"line":10,"column":5}},"6":{"start":{"line":9,"column":6},"end":{"line":9,"column":70}},"7":{"start":{"line":12,"column":20},"end":{"line":12,"column":61}},"8":{"start":{"line":13,"column":17},"end":{"line":13,"column":48}},"9":{"start":{"line":15,"column":4},"end":{"line":17,"column":5}},"10":{"start":{"line":16,"column":6},"end":{"line":16,"column":62}},"11":{"start":{"line":19,"column":4},"end":{"line":19,"column":20}},"12":{"start":{"line":20,"column":4},"end":{"line":20,"column":11}},"13":{"start":{"line":22,"column":4},"end":{"line":22,"column":53}},"14":{"start":{"line":26,"column":0},"end":{"line":26,"column":34}}},"fnMap":{"0":{"name":"(anonymous_0)","decl":{"start":{"line":4,"column":21},"end":{"line":4,"column":22}},"loc":{"start":{"line":4,"column":47},"end":{"line":24,"column":1}},"line":4}},"branchMap":{"0":{"loc":{"start":{"line":8,"column":4},"end":{"line":10,"column":5}},"type":"if","locations":[{"start":{"line":8,"column":4},"end":{"line":10,"column":5}},{"start":{},"end":{}}],"line":8},"1":{"loc":{"start":{"line":15,"column":4},"end":{"line":17,"column":5}},"type":"if","locations":[{"start":{"line":15,"column":4},"end":{"line":17,"column":5}},{"start":{},"end":{}}],"line":15}},"s":{"0":1,"1":1,"2":1,"3":22,"4":22,"5":22,"6":4,"7":18,"8":12,"9":11,"10":1,"11":10,"12":10,"13":7,"14":1},"f":{"0":22},"b":{"0":[4,18],"1":[1,10]},"_coverageSchema":"1a1c01bbd47fc00a2c39e90264f33305004495a9","hash":"037a2d266caac614d1d767441d25f9886036b51b"}
,"C:\\Users\\handriAsyrafi\\hacktiv8\\phase2\\week3\\IP-HCK83\\server\\models\\index.js": {"path":"C:\\Users\\handriAsyrafi\\hacktiv8\\phase2\\week3\\IP-HCK83\\server\\models\\index.js","statementMap":{"0":{"start":{"line":3,"column":11},"end":{"line":3,"column":24}},"1":{"start":{"line":4,"column":13},"end":{"line":4,"column":28}},"2":{"start":{"line":5,"column":18},"end":{"line":5,"column":38}},"3":{"start":{"line":6,"column":16},"end":{"line":6,"column":34}},"4":{"start":{"line":7,"column":17},"end":{"line":7,"column":42}},"5":{"start":{"line":8,"column":12},"end":{"line":8,"column":49}},"6":{"start":{"line":9,"column":15},"end":{"line":9,"column":65}},"7":{"start":{"line":10,"column":11},"end":{"line":10,"column":13}},"8":{"start":{"line":13,"column":0},"end":{"line":17,"column":1}},"9":{"start":{"line":14,"column":2},"end":{"line":14,"column":74}},"10":{"start":{"line":16,"column":2},"end":{"line":16,"column":87}},"11":{"start":{"line":19,"column":0},"end":{"line":32,"column":5}},"12":{"start":{"line":22,"column":4},"end":{"line":27,"column":6}},"13":{"start":{"line":30,"column":18},"end":{"line":30,"column":85}},"14":{"start":{"line":31,"column":4},"end":{"line":31,"column":27}},"15":{"start":{"line":34,"column":0},"end":{"line":38,"column":3}},"16":{"start":{"line":35,"column":2},"end":{"line":37,"column":3}},"17":{"start":{"line":36,"column":4},"end":{"line":36,"column":32}},"18":{"start":{"line":40,"column":0},"end":{"line":40,"column":25}},"19":{"start":{"line":41,"column":0},"end":{"line":41,"column":25}},"20":{"start":{"line":43,"column":0},"end":{"line":43,"column":20}}},"fnMap":{"0":{"name":"(anonymous_0)","decl":{"start":{"line":21,"column":10},"end":{"line":21,"column":11}},"loc":{"start":{"line":21,"column":18},"end":{"line":28,"column":3}},"line":21},"1":{"name":"(anonymous_1)","decl":{"start":{"line":29,"column":11},"end":{"line":29,"column":12}},"loc":{"start":{"line":29,"column":19},"end":{"line":32,"column":3}},"line":29},"2":{"name":"(anonymous_2)","decl":{"start":{"line":34,"column":24},"end":{"line":34,"column":25}},"loc":{"start":{"line":34,"column":37},"end":{"line":38,"column":1}},"line":34}},"branchMap":{"0":{"loc":{"start":{"line":8,"column":12},"end":{"line":8,"column":49}},"type":"binary-expr","locations":[{"start":{"line":8,"column":12},"end":{"line":8,"column":32}},{"start":{"line":8,"column":36},"end":{"line":8,"column":49}}],"line":8},"1":{"loc":{"start":{"line":13,"column":0},"end":{"line":17,"column":1}},"type":"if","locations":[{"start":{"line":13,"column":0},"end":{"line":17,"column":1}},{"start":{"line":15,"column":7},"end":{"line":17,"column":1}}],"line":13},"2":{"loc":{"start":{"line":23,"column":6},"end":{"line":26,"column":37}},"type":"binary-expr","locations":[{"start":{"line":23,"column":6},"end":{"line":23,"column":29}},{"start":{"line":24,"column":6},"end":{"line":24,"column":23}},{"start":{"line":25,"column":6},"end":{"line":25,"column":30}},{"start":{"line":26,"column":6},"end":{"line":26,"column":37}}],"line":23},"3":{"loc":{"start":{"line":35,"column":2},"end":{"line":37,"column":3}},"type":"if","locations":[{"start":{"line":35,"column":2},"end":{"line":37,"column":3}},{"start":{},"end":{}}],"line":35}},"s":{"0":7,"1":7,"2":7,"3":7,"4":7,"5":7,"6":7,"7":7,"8":7,"9":1,"10":5,"11":6,"12":0,"13":0,"14":0,"15":0,"16":0,"17":0,"18":0,"19":0,"20":0},"f":{"0":0,"1":0,"2":0},"b":{"0":[7,0],"1":[1,5],"2":[0,0,0,0],"3":[0,0]},"_coverageSchema":"1a1c01bbd47fc00a2c39e90264f33305004495a9","hash":"687ae891f932ca7161c0e84365e434466f826c65"}
,"C:\\Users\\handriAsyrafi\\hacktiv8\\phase2\\week3\\IP-HCK83\\server\\models\\monster.js": {"path":"C:\\Users\\handriAsyrafi\\hacktiv8\\phase2\\week3\\IP-HCK83\\server\\models\\monster.js","statementMap":{"0":{"start":{"line":2,"column":18},"end":{"line":2,"column":38}},"1":{"start":{"line":3,"column":0},"end":{"line":30,"column":2}},"2":{"start":{"line":12,"column":2},"end":{"line":28,"column":4}},"3":{"start":{"line":29,"column":2},"end":{"line":29,"column":17}}},"fnMap":{"0":{"name":"(anonymous_0)","decl":{"start":{"line":3,"column":17},"end":{"line":3,"column":18}},"loc":{"start":{"line":3,"column":43},"end":{"line":30,"column":1}},"line":3},"1":{"name":"(anonymous_1)","decl":{"start":{"line":10,"column":4},"end":{"line":10,"column":5}},"loc":{"start":{"line":10,"column":29},"end":{"line":10,"column":31}},"line":10}},"branchMap":{},"s":{"0":1,"1":1,"2":1,"3":1},"f":{"0":1,"1":0},"b":{},"_coverageSchema":"1a1c01bbd47fc00a2c39e90264f33305004495a9","hash":"684c0511bc084ba3597d0decd895af43be790ad7"}
,"C:\\Users\\handriAsyrafi\\hacktiv8\\phase2\\week3\\IP-HCK83\\server\\models\\recommendation.js": {"path":"C:\\Users\\handriAsyrafi\\hacktiv8\\phase2\\week3\\IP-HCK83\\server\\models\\recommendation.js","statementMap":{"0":{"start":{"line":2,"column":18},"end":{"line":2,"column":38}},"1":{"start":{"line":3,"column":0},"end":{"line":31,"column":2}},"2":{"start":{"line":11,"column":6},"end":{"line":16,"column":11}},"3":{"start":{"line":19,"column":2},"end":{"line":29,"column":4}},"4":{"start":{"line":30,"column":2},"end":{"line":30,"column":24}}},"fnMap":{"0":{"name":"(anonymous_0)","decl":{"start":{"line":3,"column":17},"end":{"line":3,"column":18}},"loc":{"start":{"line":3,"column":43},"end":{"line":31,"column":1}},"line":3},"1":{"name":"(anonymous_1)","decl":{"start":{"line":10,"column":4},"end":{"line":10,"column":5}},"loc":{"start":{"line":10,"column":29},"end":{"line":17,"column":5}},"line":10}},"branchMap":{},"s":{"0":1,"1":1,"2":1,"3":1,"4":1},"f":{"0":1,"1":1},"b":{},"_coverageSchema":"1a1c01bbd47fc00a2c39e90264f33305004495a9","hash":"21bb6cedc011709e5b1e82510e562f2493e17d90"}
,"C:\\Users\\handriAsyrafi\\hacktiv8\\phase2\\week3\\IP-HCK83\\server\\models\\user.js": {"path":"C:\\Users\\handriAsyrafi\\hacktiv8\\phase2\\week3\\IP-HCK83\\server\\models\\user.js","statementMap":{"0":{"start":{"line":3,"column":29},"end":{"line":3,"column":57}},"1":{"start":{"line":5,"column":18},"end":{"line":5,"column":38}},"2":{"start":{"line":6,"column":0},"end":{"line":75,"column":2}},"3":{"start":{"line":14,"column":6},"end":{"line":16,"column":9}},"4":{"start":{"line":19,"column":2},"end":{"line":73,"column":4}},"5":{"start":{"line":69,"column":10},"end":{"line":69,"column":58}},"6":{"start":{"line":74,"column":2},"end":{"line":74,"column":14}}},"fnMap":{"0":{"name":"(anonymous_0)","decl":{"start":{"line":6,"column":17},"end":{"line":6,"column":18}},"loc":{"start":{"line":6,"column":43},"end":{"line":75,"column":1}},"line":6},"1":{"name":"(anonymous_1)","decl":{"start":{"line":13,"column":4},"end":{"line":13,"column":5}},"loc":{"start":{"line":13,"column":29},"end":{"line":17,"column":5}},"line":13},"2":{"name":"(anonymous_2)","decl":{"start":{"line":68,"column":22},"end":{"line":68,"column":23}},"loc":{"start":{"line":68,"column":41},"end":{"line":70,"column":9}},"line":68}},"branchMap":{},"s":{"0":2,"1":2,"2":2,"3":2,"4":2,"5":22,"6":2},"f":{"0":2,"1":2,"2":22},"b":{},"_coverageSchema":"1a1c01bbd47fc00a2c39e90264f33305004495a9","hash":"cba898f5d1bba8c4b94817d118c56a29cd75da10"}
,"C:\\Users\\handriAsyrafi\\hacktiv8\\phase2\\week3\\IP-HCK83\\server\\models\\weapon.js": {"path":"C:\\Users\\handriAsyrafi\\hacktiv8\\phase2\\week3\\IP-HCK83\\server\\models\\weapon.js","statementMap":{"0":{"start":{"line":2,"column":18},"end":{"line":2,"column":38}},"1":{"start":{"line":3,"column":0},"end":{"line":29,"column":2}},"2":{"start":{"line":14,"column":2},"end":{"line":27,"column":4}},"3":{"start":{"line":28,"column":2},"end":{"line":28,"column":16}}},"fnMap":{"0":{"name":"(anonymous_0)","decl":{"start":{"line":3,"column":17},"end":{"line":3,"column":18}},"loc":{"start":{"line":3,"column":43},"end":{"line":29,"column":1}},"line":3},"1":{"name":"(anonymous_1)","decl":{"start":{"line":10,"column":4},"end":{"line":10,"column":5}},"loc":{"start":{"line":10,"column":29},"end":{"line":12,"column":5}},"line":10}},"branchMap":{},"s":{"0":2,"1":2,"2":2,"3":2},"f":{"0":2,"1":2},"b":{},"_coverageSchema":"1a1c01bbd47fc00a2c39e90264f33305004495a9","hash":"f32b78610fa4f598bb8881275ec241d6c0a9f496"}
}
