TN:
SF:app.js
FN:19,(anonymous_0)
FNF:1
FNH:1
FNDA:2,(anonymous_0)
DA:1,1
DA:2,1
DA:3,1
DA:4,1
DA:5,1
DA:6,1
DA:8,1
DA:10,1
DA:15,1
DA:16,1
DA:17,1
DA:19,1
DA:20,2
DA:24,1
DA:25,1
DA:28,1
DA:29,1
DA:32,1
DA:33,1
DA:36,1
DA:39,1
DA:45,1
LF:22
LH:22
BRF:0
BRH:0
end_of_record
TN:
SF:controllers\authController.js
FN:11,(anonymous_0)
FN:67,(anonymous_1)
FN:75,(anonymous_2)
FN:147,oo_cm
FNF:4
FNH:3
FNDA:4,(anonymous_0)
FNDA:0,(anonymous_1)
FNDA:6,(anonymous_2)
FNDA:4,oo_cm
DA:1,1
DA:2,1
DA:3,1
DA:5,1
DA:8,1
DA:12,4
DA:13,4
DA:16,4
DA:17,0
DA:18,0
DA:20,0
DA:24,0
DA:26,0
DA:32,0
DA:33,0
DA:35,0
DA:36,0
DA:39,0
DA:45,0
DA:47,0
DA:48,0
DA:50,0
DA:51,0
DA:54,0
DA:55,0
DA:56,0
DA:58,4
DA:64,4
DA:65,0
DA:67,0
DA:71,4
DA:76,6
DA:77,6
DA:79,6
DA:80,1
DA:86,5
DA:87,1
DA:93,4
DA:99,3
DA:100,1
DA:106,2
DA:108,2
DA:109,1
DA:115,1
DA:121,1
DA:123,1
DA:127,5
DA:128,4
DA:132,1
DA:140,1
DA:147,4
LF:51
LH:31
BRDA:33,0,0,0
BRDA:33,0,1,0
BRDA:35,1,0,0
BRDA:35,1,1,0
BRDA:40,2,0,0
BRDA:40,2,1,0
BRDA:64,3,0,0
BRDA:64,3,1,4
BRDA:79,4,0,1
BRDA:79,4,1,5
BRDA:86,5,0,1
BRDA:86,5,1,4
BRDA:99,6,0,1
BRDA:99,6,1,2
BRDA:108,7,0,1
BRDA:108,7,1,1
BRDA:127,8,0,4
BRDA:127,8,1,1
BRDA:147,9,0,4
BRDA:147,9,1,1
BRF:20
BRH:13
end_of_record
TN:
SF:controllers\monsterController.js
FN:4,(anonymous_0)
FNF:1
FNH:1
FNDA:4,(anonymous_0)
DA:1,1
DA:5,4
DA:6,4
DA:8,3
DA:10,1
DA:15,1
LF:6
LH:6
BRF:0
BRH:0
end_of_record
TN:
SF:controllers\recController.js
FN:5,(anonymous_0)
FN:18,(anonymous_1)
FN:69,(anonymous_2)
FN:91,(anonymous_3)
FN:110,(anonymous_4)
FN:182,(anonymous_5)
FN:186,(anonymous_6)
FN:289,calculateEffectiveness
FN:307,getMatchedWeaknesses
FN:311,(anonymous_9)
FN:316,getAlternativeWeapons
FN:319,(anonymous_11)
FN:320,(anonymous_12)
FN:324,(anonymous_13)
FN:337,oo_cm
FNF:15
FNH:12
FNDA:2,(anonymous_0)
FNDA:4,(anonymous_1)
FNDA:2,(anonymous_2)
FNDA:2,(anonymous_3)
FNDA:3,(anonymous_4)
FNDA:0,(anonymous_5)
FNDA:0,(anonymous_6)
FNDA:2,calculateEffectiveness
FNDA:1,getMatchedWeaknesses
FNDA:2,(anonymous_9)
FNDA:2,getAlternativeWeapons
FNDA:3,(anonymous_11)
FNDA:1,(anonymous_12)
FNDA:0,(anonymous_13)
FNDA:4,oo_cm
DA:1,1
DA:2,1
DA:6,2
DA:7,2
DA:11,1
DA:13,1
DA:14,1
DA:19,4
DA:20,4
DA:23,4
DA:24,4
DA:25,4
DA:27,4
DA:28,2
DA:32,2
DA:39,2
DA:43,2
DA:44,1
DA:48,1
DA:55,1
DA:59,1
DA:64,0
DA:65,0
DA:70,2
DA:71,2
DA:73,2
DA:75,2
DA:76,1
DA:79,1
DA:81,1
DA:86,0
DA:87,0
DA:92,2
DA:93,2
DA:95,2
DA:97,2
DA:98,1
DA:101,1
DA:103,1
DA:105,0
DA:106,0
DA:111,3
DA:112,3
DA:113,3
DA:114,3
DA:117,3
DA:119,3
DA:120,0
DA:124,3
DA:125,3
DA:126,1
DA:128,3
DA:130,3
DA:131,1
DA:137,2
DA:144,2
DA:151,2
DA:152,2
DA:155,2
DA:156,2
DA:157,0
DA:158,0
DA:159,0
DA:160,0
DA:161,0
DA:163,2
DA:164,2
DA:167,0
DA:171,2
DA:172,2
DA:173,2
DA:177,2
DA:178,0
DA:181,0
DA:182,0
DA:186,0
DA:188,0
DA:193,0
DA:200,2
DA:201,0
DA:213,2
DA:219,2
DA:220,2
DA:221,2
DA:222,2
DA:227,2
DA:232,0
DA:236,0
DA:242,2
DA:249,1
DA:279,1
DA:280,1
DA:290,2
DA:293,2
DA:294,2
DA:295,2
DA:300,2
DA:301,2
DA:303,2
DA:308,1
DA:310,1
DA:311,2
DA:318,2
DA:319,3
DA:320,1
DA:324,0
DA:327,1
DA:330,1
DA:337,4
LF:109
LH:86
BRDA:27,0,0,2
BRDA:27,0,1,2
BRDA:27,1,0,4
BRDA:27,1,1,3
BRDA:43,2,0,1
BRDA:43,2,1,1
BRDA:75,3,0,1
BRDA:75,3,1,1
BRDA:97,4,0,1
BRDA:97,4,1,1
BRDA:114,5,0,3
BRDA:114,5,1,3
BRDA:119,6,0,0
BRDA:119,6,1,3
BRDA:125,7,0,1
BRDA:125,7,1,2
BRDA:130,8,0,1
BRDA:130,8,1,2
BRDA:132,9,0,0
BRDA:132,9,1,1
BRDA:156,10,0,0
BRDA:156,10,1,2
BRDA:158,11,0,0
BRDA:158,11,1,0
BRDA:163,12,0,2
BRDA:163,12,1,0
BRDA:172,13,0,2
BRDA:172,13,1,0
BRDA:177,14,0,0
BRDA:177,14,1,2
BRDA:188,15,0,0
BRDA:188,15,1,0
BRDA:200,16,0,0
BRDA:200,16,1,2
BRDA:220,17,0,2
BRDA:220,17,1,0
BRDA:272,18,0,1
BRDA:272,18,1,0
BRDA:273,19,0,1
BRDA:273,19,1,0
BRDA:293,20,0,2
BRDA:293,20,1,0
BRDA:293,21,0,2
BRDA:293,21,1,2
BRDA:294,22,0,2
BRDA:294,22,1,0
BRDA:308,23,0,0
BRDA:308,23,1,1
BRDA:308,24,0,1
BRDA:308,24,1,1
BRDA:337,25,0,4
BRDA:337,25,1,1
BRF:52
BRH:35
end_of_record
TN:
SF:controllers\weaponController.js
FN:4,(anonymous_0)
FNF:1
FNH:1
FNDA:5,(anonymous_0)
DA:1,1
DA:5,5
DA:6,5
DA:8,4
DA:10,1
DA:15,1
LF:6
LH:6
BRF:0
BRH:0
end_of_record
TN:
SF:helpers\bcrypt.js
FN:3,generatePassword
FN:10,comparePassword
FNF:2
FNH:2
FNDA:12,generatePassword
FNDA:17,comparePassword
DA:1,1
DA:4,12
DA:5,12
DA:7,12
DA:11,17
DA:14,1
LF:6
LH:6
BRF:0
BRH:0
end_of_record
TN:
SF:helpers\jwt.js
FN:5,(anonymous_0)
FN:9,(anonymous_1)
FNF:2
FNH:2
FNDA:27,(anonymous_0)
FNDA:13,(anonymous_1)
DA:1,2
DA:2,2
DA:4,2
DA:6,27
DA:7,27
DA:10,13
LF:6
LH:6
BRF:0
BRH:0
end_of_record
TN:
SF:lib\gemini.api.js
FN:7,(anonymous_0)
FN:12,(anonymous_1)
FN:50,(anonymous_2)
FN:98,oo_cm
FNF:4
FNH:4
FNDA:10,(anonymous_0)
FNDA:14,(anonymous_1)
FNDA:7,(anonymous_2)
FNDA:17,oo_cm
DA:1,2
DA:2,2
DA:4,2
DA:8,10
DA:9,10
DA:12,14
DA:14,10
DA:32,10
DA:33,0
DA:34,0
DA:36,0
DA:37,0
DA:39,0
DA:45,10
DA:46,10
DA:51,7
DA:52,7
DA:54,7
DA:69,7
DA:70,0
DA:71,0
DA:73,0
DA:74,0
DA:76,0
DA:85,7
DA:86,7
DA:91,2
DA:98,17
LF:28
LH:18
BRDA:78,0,0,0
BRDA:78,0,1,0
BRDA:98,1,0,17
BRDA:98,1,1,1
BRF:4
BRH:2
end_of_record
TN:
SF:middleware\auth.js
FN:4,(anonymous_0)
FNF:1
FNH:1
FNDA:22,(anonymous_0)
DA:1,1
DA:2,1
DA:4,1
DA:5,22
DA:6,22
DA:8,22
DA:9,4
DA:12,18
DA:13,12
DA:15,11
DA:16,1
DA:19,10
DA:20,10
DA:22,7
DA:26,1
LF:15
LH:15
BRDA:8,0,0,4
BRDA:8,0,1,18
BRDA:15,1,0,1
BRDA:15,1,1,10
BRF:4
BRH:4
end_of_record
TN:
SF:models\index.js
FN:21,(anonymous_0)
FN:29,(anonymous_1)
FN:34,(anonymous_2)
FNF:3
FNH:0
FNDA:0,(anonymous_0)
FNDA:0,(anonymous_1)
FNDA:0,(anonymous_2)
DA:3,11
DA:4,11
DA:5,11
DA:6,11
DA:7,11
DA:8,11
DA:9,11
DA:10,11
DA:13,11
DA:14,2
DA:16,8
DA:19,0
DA:22,0
DA:30,0
DA:31,0
DA:34,0
DA:35,0
DA:36,0
DA:40,0
DA:41,0
DA:43,0
LF:21
LH:11
BRDA:8,0,0,11
BRDA:8,0,1,1
BRDA:13,1,0,2
BRDA:13,1,1,8
BRDA:23,2,0,0
BRDA:23,2,1,0
BRDA:23,2,2,0
BRDA:23,2,3,0
BRDA:35,3,0,0
BRDA:35,3,1,0
BRF:10
BRH:4
end_of_record
TN:
SF:models\monster.js
FN:3,(anonymous_0)
FN:10,(anonymous_1)
FNF:2
FNH:1
FNDA:1,(anonymous_0)
FNDA:0,(anonymous_1)
DA:2,1
DA:3,1
DA:12,1
DA:29,1
LF:4
LH:4
BRF:0
BRH:0
end_of_record
TN:
SF:models\recommendation.js
FN:3,(anonymous_0)
FN:10,(anonymous_1)
FNF:2
FNH:2
FNDA:1,(anonymous_0)
FNDA:1,(anonymous_1)
DA:2,1
DA:3,1
DA:11,1
DA:19,1
DA:30,1
LF:5
LH:5
BRF:0
BRH:0
end_of_record
TN:
SF:models\user.js
FN:6,(anonymous_0)
FN:13,(anonymous_1)
FN:68,(anonymous_2)
FNF:3
FNH:3
FNDA:2,(anonymous_0)
FNDA:2,(anonymous_1)
FNDA:22,(anonymous_2)
DA:3,2
DA:5,2
DA:6,2
DA:14,2
DA:19,2
DA:69,22
DA:74,2
LF:7
LH:7
BRF:0
BRH:0
end_of_record
TN:
SF:models\weapon.js
FN:3,(anonymous_0)
FN:10,(anonymous_1)
FNF:2
FNH:2
FNDA:2,(anonymous_0)
FNDA:2,(anonymous_1)
DA:2,2
DA:3,2
DA:14,2
DA:28,2
LF:4
LH:4
BRF:0
BRH:0
end_of_record
